<?xml version="1.0" encoding="UTF-8"?>
<!DOCTYPE coverage SYSTEM "http://cobertura.sourceforge.net/xml/coverage-04.dtd">
<coverage line-rate="0.47457627118644" branch-rate="0" lines-covered="56" lines-valid="118" branches-covered="0" branches-valid="0" complexity="37" version="0.4" timestamp="1749728570">
  <sources>
    <source>/data/live/protected</source>
  </sources>
  <packages>
    <package name="components/DBDocumentPHP7.php" line-rate="0" branch-rate="0" complexity="3">
      <classes>
        <class name="DBDocumentPHP7" filename="components/DBDocumentPHP7.php" line-rate="0" branch-rate="0" complexity="3">
          <methods>
            <method name="offsetExists" signature="$offset" line-rate="0" branch-rate="0" complexity="3">
              <lines>
                <line number="7" hits="0"/>
                <line number="8" hits="0"/>
                <line number="14" hits="0"/>
                <line number="16" hits="0"/>
                <line number="17" hits="0"/>
                <line number="20" hits="0"/>
              </lines>
            </method>
          </methods>
          <lines>
            <line number="7" hits="0"/>
            <line number="8" hits="0"/>
            <line number="14" hits="0"/>
            <line number="16" hits="0"/>
            <line number="17" hits="0"/>
            <line number="20" hits="0"/>
          </lines>
        </class>
      </classes>
    </package>
    <package name="components/MongoDbLogRoute.php" line-rate="0" branch-rate="0" complexity="2">
      <classes>
        <class name="MongoDbLogRoute" filename="components/MongoDbLogRoute.php" line-rate="0" branch-rate="0" complexity="2">
          <methods>
            <method name="processLogs" signature="$logs" line-rate="0" branch-rate="0" complexity="2">
              <lines>
                <line number="11" hits="0"/>
                <line number="13" hits="0"/>
                <line number="14" hits="0"/>
                <line number="15" hits="0"/>
                <line number="16" hits="0"/>
                <line number="17" hits="0"/>
                <line number="18" hits="0"/>
              </lines>
            </method>
          </methods>
          <lines>
            <line number="11" hits="0"/>
            <line number="13" hits="0"/>
            <line number="14" hits="0"/>
            <line number="15" hits="0"/>
            <line number="16" hits="0"/>
            <line number="17" hits="0"/>
            <line number="18" hits="0"/>
          </lines>
        </class>
      </classes>
    </package>
    <package name="modules/inventory/models/StockLog.php" line-rate="0.53333333333333" branch-rate="0" complexity="32">
      <classes>
        <class name="StockLog" filename="modules/inventory/models/StockLog.php" line-rate="0.53333333333333" branch-rate="0" complexity="32">
          <methods>
            <method name="getCollectionName" signature="" line-rate="1" branch-rate="0" complexity="1">
              <lines>
                <line number="23" hits="12"/>
              </lines>
            </method>
            <method name="model" signature="$className" line-rate="1" branch-rate="0" complexity="1">
              <lines>
                <line number="28" hits="1"/>
              </lines>
            </method>
            <method name="rules" signature="" line-rate="1" branch-rate="0" complexity="1">
              <lines>
                <line number="33" hits="5"/>
                <line number="34" hits="5"/>
                <line number="35" hits="5"/>
                <line number="36" hits="5"/>
                <line number="37" hits="5"/>
                <line number="38" hits="5"/>
                <line number="39" hits="5"/>
                <line number="41" hits="5"/>
                <line number="42" hits="5"/>
                <line number="43" hits="5"/>
              </lines>
            </method>
            <method name="validateProductID" signature="$attribute, $params" line-rate="1" branch-rate="0" complexity="5">
              <lines>
                <line number="48" hits="5"/>
                <line number="49" hits="2"/>
                <line number="50" hits="2"/>
                <line number="55" hits="3"/>
                <line number="56" hits="2"/>
                <line number="57" hits="2"/>
                <line number="58" hits="2"/>
                <line number="59" hits="1"/>
                <line number="60" hits="1"/>
                <line number="62" hits="1"/>
                <line number="64" hits="1"/>
                <line number="66" hits="1"/>
                <line number="67" hits="1"/>
                <line number="68" hits="1"/>
              </lines>
            </method>
            <method name="validateUserID" signature="$attribute, $params" line-rate="1" branch-rate="0" complexity="3">
              <lines>
                <line number="76" hits="4"/>
                <line number="77" hits="2"/>
                <line number="79" hits="2"/>
                <line number="80" hits="1"/>
                <line number="82" hits="1"/>
                <line number="83" hits="1"/>
                <line number="87" hits="2"/>
              </lines>
            </method>
            <method name="attributeLabels" signature="" line-rate="1" branch-rate="0" complexity="1">
              <lines>
                <line number="92" hits="2"/>
                <line number="93" hits="2"/>
                <line number="94" hits="2"/>
                <line number="95" hits="2"/>
                <line number="96" hits="2"/>
                <line number="97" hits="2"/>
                <line number="98" hits="2"/>
                <line number="99" hits="2"/>
                <line number="100" hits="2"/>
                <line number="101" hits="2"/>
              </lines>
            </method>
            <method name="getAllowedTypes" signature="" line-rate="1" branch-rate="0" complexity="1">
              <lines>
                <line number="106" hits="6"/>
                <line number="107" hits="6"/>
                <line number="108" hits="6"/>
                <line number="109" hits="6"/>
              </lines>
            </method>
            <method name="getTypeOptions" signature="" line-rate="1" branch-rate="0" complexity="1">
              <lines>
                <line number="114" hits="2"/>
                <line number="115" hits="2"/>
                <line number="116" hits="2"/>
                <line number="117" hits="2"/>
                <line number="118" hits="2"/>
                <line number="119" hits="2"/>
                <line number="120" hits="2"/>
              </lines>
            </method>
            <method name="getTypeName" signature="$typeKey" line-rate="1" branch-rate="0" complexity="2">
              <lines>
                <line number="124" hits="1"/>
                <line number="125" hits="1"/>
              </lines>
            </method>
            <method name="add" signature="$productId, $type, $quantityChange, $newTotalProductStockLevel, $reason, $userId" line-rate="0" branch-rate="0" complexity="4">
              <lines>
                <line number="136" hits="0"/>
                <line number="137" hits="0"/>
                <line number="138" hits="0"/>
                <line number="139" hits="0"/>
                <line number="140" hits="0"/>
                <line number="141" hits="0"/>
                <line number="142" hits="0"/>
                <line number="144" hits="0"/>
                <line number="145" hits="0"/>
                <line number="149" hits="0"/>
                <line number="150" hits="0"/>
                <line number="151" hits="0"/>
                <line number="154" hits="0"/>
                <line number="155" hits="0"/>
                <line number="156" hits="0"/>
                <line number="158" hits="0"/>
              </lines>
            </method>
            <method name="searchProvider" signature="$caseSensitive" line-rate="0" branch-rate="0" complexity="12">
              <lines>
                <line number="172" hits="0"/>
                <line number="174" hits="0"/>
                <line number="175" hits="0"/>
                <line number="178" hits="0"/>
                <line number="179" hits="0"/>
                <line number="182" hits="0"/>
                <line number="183" hits="0"/>
                <line number="186" hits="0"/>
                <line number="187" hits="0"/>
                <line number="188" hits="0"/>
                <line number="191" hits="0"/>
                <line number="192" hits="0"/>
                <line number="194" hits="0"/>
                <line number="195" hits="0"/>
                <line number="198" hits="0"/>
                <line number="199" hits="0"/>
                <line number="200" hits="0"/>
                <line number="203" hits="0"/>
                <line number="204" hits="0"/>
                <line number="205" hits="0"/>
                <line number="207" hits="0"/>
                <line number="208" hits="0"/>
                <line number="211" hits="0"/>
                <line number="212" hits="0"/>
                <line number="213" hits="0"/>
                <line number="214" hits="0"/>
                <line number="215" hits="0"/>
                <line number="216" hits="0"/>
                <line number="217" hits="0"/>
                <line number="218" hits="0"/>
                <line number="219" hits="0"/>
                <line number="220" hits="0"/>
                <line number="221" hits="0"/>
              </lines>
            </method>
          </methods>
          <lines>
            <line number="23" hits="12"/>
            <line number="28" hits="1"/>
            <line number="33" hits="5"/>
            <line number="34" hits="5"/>
            <line number="35" hits="5"/>
            <line number="36" hits="5"/>
            <line number="37" hits="5"/>
            <line number="38" hits="5"/>
            <line number="39" hits="5"/>
            <line number="41" hits="5"/>
            <line number="42" hits="5"/>
            <line number="43" hits="5"/>
            <line number="48" hits="5"/>
            <line number="49" hits="2"/>
            <line number="50" hits="2"/>
            <line number="55" hits="3"/>
            <line number="56" hits="2"/>
            <line number="57" hits="2"/>
            <line number="58" hits="2"/>
            <line number="59" hits="1"/>
            <line number="60" hits="1"/>
            <line number="62" hits="1"/>
            <line number="64" hits="1"/>
            <line number="66" hits="1"/>
            <line number="67" hits="1"/>
            <line number="68" hits="1"/>
            <line number="76" hits="4"/>
            <line number="77" hits="2"/>
            <line number="79" hits="2"/>
            <line number="80" hits="1"/>
            <line number="82" hits="1"/>
            <line number="83" hits="1"/>
            <line number="87" hits="2"/>
            <line number="92" hits="2"/>
            <line number="93" hits="2"/>
            <line number="94" hits="2"/>
            <line number="95" hits="2"/>
            <line number="96" hits="2"/>
            <line number="97" hits="2"/>
            <line number="98" hits="2"/>
            <line number="99" hits="2"/>
            <line number="100" hits="2"/>
            <line number="101" hits="2"/>
            <line number="106" hits="6"/>
            <line number="107" hits="6"/>
            <line number="108" hits="6"/>
            <line number="109" hits="6"/>
            <line number="114" hits="2"/>
            <line number="115" hits="2"/>
            <line number="116" hits="2"/>
            <line number="117" hits="2"/>
            <line number="118" hits="2"/>
            <line number="119" hits="2"/>
            <line number="120" hits="2"/>
            <line number="124" hits="1"/>
            <line number="125" hits="1"/>
            <line number="136" hits="0"/>
            <line number="137" hits="0"/>
            <line number="138" hits="0"/>
            <line number="139" hits="0"/>
            <line number="140" hits="0"/>
            <line number="141" hits="0"/>
            <line number="142" hits="0"/>
            <line number="144" hits="0"/>
            <line number="145" hits="0"/>
            <line number="149" hits="0"/>
            <line number="150" hits="0"/>
            <line number="151" hits="0"/>
            <line number="154" hits="0"/>
            <line number="155" hits="0"/>
            <line number="156" hits="0"/>
            <line number="158" hits="0"/>
            <line number="172" hits="0"/>
            <line number="174" hits="0"/>
            <line number="175" hits="0"/>
            <line number="178" hits="0"/>
            <line number="179" hits="0"/>
            <line number="182" hits="0"/>
            <line number="183" hits="0"/>
            <line number="186" hits="0"/>
            <line number="187" hits="0"/>
            <line number="188" hits="0"/>
            <line number="191" hits="0"/>
            <line number="192" hits="0"/>
            <line number="194" hits="0"/>
            <line number="195" hits="0"/>
            <line number="198" hits="0"/>
            <line number="199" hits="0"/>
            <line number="200" hits="0"/>
            <line number="203" hits="0"/>
            <line number="204" hits="0"/>
            <line number="205" hits="0"/>
            <line number="207" hits="0"/>
            <line number="208" hits="0"/>
            <line number="211" hits="0"/>
            <line number="212" hits="0"/>
            <line number="213" hits="0"/>
            <line number="214" hits="0"/>
            <line number="215" hits="0"/>
            <line number="216" hits="0"/>
            <line number="217" hits="0"/>
            <line number="218" hits="0"/>
            <line number="219" hits="0"/>
            <line number="220" hits="0"/>
            <line number="221" hits="0"/>
          </lines>
        </class>
      </classes>
    </package>
  </packages>
</coverage>
