<?xml version="1.0" encoding="UTF-8"?>
<testsuites>
  <testsuite name="/data/live/protected/tests/phpunit.xml" tests="24" assertions="84" errors="4" failures="0" skipped="0" time="0.124094">
    <testsuite name="unit" tests="24" assertions="84" errors="4" failures="0" skipped="0" time="0.124094">
      <testsuite name="StockLogTest" file="/data/live/protected/tests/unit/modules/inventory/models/StockLogTest.php" tests="24" assertions="84" errors="4" failures="0" skipped="0" time="0.124094">
        <testcase name="testGetCollectionName" file="/data/live/protected/tests/unit/modules/inventory/models/StockLogTest.php" line="17" class="StockLogTest" classname="StockLogTest" assertions="1" time="0.040652"/>
        <testcase name="testStaticModelReturnsInstance" file="/data/live/protected/tests/unit/modules/inventory/models/StockLogTest.php" line="22" class="StockLogTest" classname="StockLogTest" assertions="1" time="0.003267"/>
        <testcase name="testConstants" file="/data/live/protected/tests/unit/modules/inventory/models/StockLogTest.php" line="28" class="StockLogTest" classname="StockLogTest" assertions="5" time="0.003293"/>
        <testcase name="testAttributeLabels" file="/data/live/protected/tests/unit/modules/inventory/models/StockLogTest.php" line="37" class="StockLogTest" classname="StockLogTest" assertions="17" time="0.003946"/>
        <testcase name="testRules" file="/data/live/protected/tests/unit/modules/inventory/models/StockLogTest.php" line="61" class="StockLogTest" classname="StockLogTest" assertions="7" time="0.003681"/>
        <testcase name="testGetAllowedTypes" file="/data/live/protected/tests/unit/modules/inventory/models/StockLogTest.php" line="114" class="StockLogTest" classname="StockLogTest" assertions="7" time="0.002750"/>
        <testcase name="testGetTypeOptions" file="/data/live/protected/tests/unit/modules/inventory/models/StockLogTest.php" line="127" class="StockLogTest" classname="StockLogTest" assertions="11" time="0.002575"/>
        <testcase name="testGetTypeName" file="/data/live/protected/tests/unit/modules/inventory/models/StockLogTest.php" line="145" class="StockLogTest" classname="StockLogTest" assertions="6" time="0.002340"/>
        <testcase name="testValidateProductID_WithValidProduct" file="/data/live/protected/tests/unit/modules/inventory/models/StockLogTest.php" line="157" class="StockLogTest" classname="StockLogTest" assertions="2" time="0.010755"/>
        <testcase name="testValidateProductID_WithInvalidProduct" file="/data/live/protected/tests/unit/modules/inventory/models/StockLogTest.php" line="177" class="StockLogTest" classname="StockLogTest" assertions="3" time="0.002779"/>
        <testcase name="testValidateProductID_WithEmptyProductId" file="/data/live/protected/tests/unit/modules/inventory/models/StockLogTest.php" line="198" class="StockLogTest" classname="StockLogTest" assertions="3" time="0.002296"/>
        <testcase name="testValidateProductID_WithInvalidFormat" file="/data/live/protected/tests/unit/modules/inventory/models/StockLogTest.php" line="210" class="StockLogTest" classname="StockLogTest" assertions="3" time="0.002273"/>
        <testcase name="testValidateUserID_WithValidUser" file="/data/live/protected/tests/unit/modules/inventory/models/StockLogTest.php" line="222" class="StockLogTest" classname="StockLogTest" assertions="2" time="0.003401"/>
        <testcase name="testValidateUserID_WithInvalidUser" file="/data/live/protected/tests/unit/modules/inventory/models/StockLogTest.php" line="242" class="StockLogTest" classname="StockLogTest" assertions="3" time="0.002445"/>
        <testcase name="testValidateUserID_WithEmptyUserId" file="/data/live/protected/tests/unit/modules/inventory/models/StockLogTest.php" line="263" class="StockLogTest" classname="StockLogTest" assertions="2" time="0.002203"/>
        <testcase name="testAdd_WithValidData" file="/data/live/protected/tests/unit/modules/inventory/models/StockLogTest.php" line="273" class="StockLogTest" classname="StockLogTest" assertions="0" time="0.004969">
          <error type="Mockery\Exception\RuntimeException">StockLogTest::testAdd_WithValidData
Mockery\Exception\RuntimeException: Could not load mock StockLog, class already exists

/data/live/vendor/mockery/mockery/library/Mockery/Container.php:401
/data/live/vendor/mockery/mockery/library/Mockery.php:477
/data/live/protected/tests/unit/modules/inventory/models/StockLogTest.php:281</error>
        </testcase>
        <testcase name="testSearchProvider_ReturnsDataProvider" file="/data/live/protected/tests/unit/modules/inventory/models/StockLogTest.php" line="299" class="StockLogTest" classname="StockLogTest" assertions="1" time="0.007975"/>
        <testcase name="testValidStockLog" file="/data/live/protected/tests/unit/modules/inventory/models/StockLogTest.php" line="316" class="StockLogTest" classname="StockLogTest" assertions="1" time="0.004121"/>
        <testcase name="testRequiredFieldsValidation" file="/data/live/protected/tests/unit/modules/inventory/models/StockLogTest.php" line="338" class="StockLogTest" classname="StockLogTest" assertions="5" time="0.003243"/>
        <testcase name="testTypeValidation" file="/data/live/protected/tests/unit/modules/inventory/models/StockLogTest.php" line="350" class="StockLogTest" classname="StockLogTest" assertions="0" time="0.002715">
          <error type="Error">StockLogTest::testTypeValidation
Error: Call to a member function __call() on null

/data/live/protected/modules/inventory/models/StockLog.php:57
/data/live/framework/validators/CInlineValidator.php:42
/data/live/framework/validators/CValidator.php:201
/data/live/framework/base/CModel.php:159
/data/live/protected/tests/unit/modules/inventory/models/StockLogTest.php:358</error>
        </testcase>
        <testcase name="testQuantityFieldsNumericalValidation" file="/data/live/protected/tests/unit/modules/inventory/models/StockLogTest.php" line="362" class="StockLogTest" classname="StockLogTest" assertions="0" time="0.003030">
          <error type="Error">StockLogTest::testQuantityFieldsNumericalValidation
Error: Call to a member function __call() on null

/data/live/protected/modules/inventory/models/StockLog.php:57
/data/live/framework/validators/CInlineValidator.php:42
/data/live/framework/validators/CValidator.php:201
/data/live/framework/base/CModel.php:159
/data/live/protected/tests/unit/modules/inventory/models/StockLogTest.php:370</error>
        </testcase>
        <testcase name="testReasonLengthValidation" file="/data/live/protected/tests/unit/modules/inventory/models/StockLogTest.php" line="375" class="StockLogTest" classname="StockLogTest" assertions="0" time="0.002718">
          <error type="Error">StockLogTest::testReasonLengthValidation
Error: Call to a member function __call() on null

/data/live/protected/modules/inventory/models/StockLog.php:57
/data/live/framework/validators/CInlineValidator.php:42
/data/live/framework/validators/CValidator.php:201
/data/live/framework/base/CModel.php:159
/data/live/protected/tests/unit/modules/inventory/models/StockLogTest.php:384</error>
        </testcase>
        <testcase name="testValidQuantityValues" file="/data/live/protected/tests/unit/modules/inventory/models/StockLogTest.php" line="388" class="StockLogTest" classname="StockLogTest" assertions="3" time="0.003452"/>
        <testcase name="testNegativeQuantityValues" file="/data/live/protected/tests/unit/modules/inventory/models/StockLogTest.php" line="410" class="StockLogTest" classname="StockLogTest" assertions="1" time="0.003215"/>
      </testsuite>
    </testsuite>
  </testsuite>
</testsuites>
