<?xml version="1.0" encoding="UTF-8"?>
<!DOCTYPE coverage SYSTEM "http://cobertura.sourceforge.net/xml/coverage-04.dtd">
<coverage line-rate="0.94520547945205" branch-rate="0" lines-covered="1104" lines-valid="1168" branches-covered="0" branches-valid="0" complexity="325" version="0.4" timestamp="1749960251">
  <sources>
    <source>/data/live/protected</source>
  </sources>
  <packages>
    <package name="components/DBDocumentPHP7.php" line-rate="0" branch-rate="0" complexity="3">
      <classes>
        <class name="DBDocumentPHP7" filename="components/DBDocumentPHP7.php" line-rate="0" branch-rate="0" complexity="3">
          <methods>
            <method name="offsetExists" signature="$offset" line-rate="0" branch-rate="0" complexity="3">
              <lines>
                <line number="7" hits="0"/>
                <line number="8" hits="0"/>
                <line number="14" hits="0"/>
                <line number="16" hits="0"/>
                <line number="17" hits="0"/>
                <line number="20" hits="0"/>
              </lines>
            </method>
          </methods>
          <lines>
            <line number="7" hits="0"/>
            <line number="8" hits="0"/>
            <line number="14" hits="0"/>
            <line number="16" hits="0"/>
            <line number="17" hits="0"/>
            <line number="20" hits="0"/>
          </lines>
        </class>
      </classes>
    </package>
    <package name="components/MongoDbLogRoute.php" line-rate="0" branch-rate="0" complexity="2">
      <classes>
        <class name="MongoDbLogRoute" filename="components/MongoDbLogRoute.php" line-rate="0" branch-rate="0" complexity="2">
          <methods>
            <method name="processLogs" signature="$logs" line-rate="0" branch-rate="0" complexity="2">
              <lines>
                <line number="11" hits="0"/>
                <line number="13" hits="0"/>
                <line number="14" hits="0"/>
                <line number="15" hits="0"/>
                <line number="16" hits="0"/>
                <line number="17" hits="0"/>
                <line number="18" hits="0"/>
              </lines>
            </method>
          </methods>
          <lines>
            <line number="11" hits="0"/>
            <line number="13" hits="0"/>
            <line number="14" hits="0"/>
            <line number="15" hits="0"/>
            <line number="16" hits="0"/>
            <line number="17" hits="0"/>
            <line number="18" hits="0"/>
          </lines>
        </class>
      </classes>
    </package>
    <package name="components/MongoHelper.php" line-rate="0.052631578947368" branch-rate="0" complexity="9">
      <classes>
        <class name="MongoHelper" filename="components/MongoHelper.php" line-rate="0.052631578947368" branch-rate="0" complexity="9">
          <methods>
            <method name="model" signature="$className" line-rate="0" branch-rate="0" complexity="1">
              <lines>
                <line number="8" hits="0"/>
              </lines>
            </method>
            <method name="setSecondaryReadPref" signature="$secondary" line-rate="0" branch-rate="0" complexity="2">
              <lines>
                <line number="12" hits="0"/>
                <line number="14" hits="0"/>
                <line number="15" hits="0"/>
                <line number="16" hits="0"/>
                <line number="17" hits="0"/>
                <line number="18" hits="0"/>
                <line number="21" hits="0"/>
                <line number="22" hits="0"/>
                <line number="23" hits="0"/>
                <line number="25" hits="0"/>
              </lines>
            </method>
            <method name="readPrefSecondary" signature="" line-rate="1" branch-rate="0" complexity="1">
              <lines>
                <line number="30" hits="8"/>
              </lines>
            </method>
            <method name="cleanCache" signature="" line-rate="0" branch-rate="0" complexity="1">
              <lines>
                <line number="35" hits="0"/>
              </lines>
            </method>
            <method name="getCollectionName" signature="" line-rate="0" branch-rate="0" complexity="1">
              <lines>
                <line number="38" hits="0"/>
              </lines>
            </method>
            <method name="updateDbReadPreference" signature="$db" line-rate="0" branch-rate="0" complexity="3">
              <lines>
                <line number="48" hits="0"/>
                <line number="49" hits="0"/>
                <line number="50" hits="0"/>
                <line number="51" hits="0"/>
                <line number="53" hits="0"/>
              </lines>
            </method>
          </methods>
          <lines>
            <line number="8" hits="0"/>
            <line number="12" hits="0"/>
            <line number="14" hits="0"/>
            <line number="15" hits="0"/>
            <line number="16" hits="0"/>
            <line number="17" hits="0"/>
            <line number="18" hits="0"/>
            <line number="21" hits="0"/>
            <line number="22" hits="0"/>
            <line number="23" hits="0"/>
            <line number="25" hits="0"/>
            <line number="30" hits="8"/>
            <line number="35" hits="0"/>
            <line number="38" hits="0"/>
            <line number="48" hits="0"/>
            <line number="49" hits="0"/>
            <line number="50" hits="0"/>
            <line number="51" hits="0"/>
            <line number="53" hits="0"/>
          </lines>
        </class>
      </classes>
    </package>
    <package name="components/S3Uploader.php" line-rate="1" branch-rate="0" complexity="20">
      <classes>
        <class name="S3Uploader" filename="components/S3Uploader.php" line-rate="1" branch-rate="0" complexity="20">
          <methods>
            <method name="init" signature="" line-rate="1" branch-rate="0" complexity="1">
              <lines>
                <line number="17" hits="1"/>
                <line number="19" hits="1"/>
                <line number="20" hits="1"/>
                <line number="21" hits="1"/>
                <line number="22" hits="1"/>
                <line number="23" hits="1"/>
              </lines>
            </method>
            <method name="getS3Client" signature="" line-rate="1" branch-rate="0" complexity="1">
              <lines>
                <line number="28" hits="2"/>
                <line number="29" hits="2"/>
                <line number="30" hits="2"/>
                <line number="31" hits="2"/>
                <line number="32" hits="2"/>
                <line number="33" hits="2"/>
                <line number="34" hits="2"/>
                <line number="35" hits="2"/>
              </lines>
            </method>
            <method name="getRegion" signature="" line-rate="1" branch-rate="0" complexity="1">
              <lines>
                <line number="41" hits="3"/>
              </lines>
            </method>
            <method name="getKey" signature="" line-rate="1" branch-rate="0" complexity="1">
              <lines>
                <line number="46" hits="3"/>
              </lines>
            </method>
            <method name="getSecret" signature="" line-rate="1" branch-rate="0" complexity="1">
              <lines>
                <line number="51" hits="3"/>
              </lines>
            </method>
            <method name="uploadFile" signature="$filePath, $s3Key, $acl, $metadata" line-rate="1" branch-rate="0" complexity="4">
              <lines>
                <line number="65" hits="4"/>
                <line number="66" hits="1"/>
                <line number="67" hits="1"/>
                <line number="71" hits="3"/>
                <line number="72" hits="1"/>
                <line number="73" hits="1"/>
                <line number="78" hits="2"/>
                <line number="79" hits="2"/>
                <line number="80" hits="2"/>
                <line number="81" hits="2"/>
                <line number="83" hits="2"/>
                <line number="84" hits="2"/>
                <line number="87" hits="1"/>
                <line number="88" hits="1"/>
                <line number="89" hits="1"/>
                <line number="90" hits="1"/>
              </lines>
            </method>
            <method name="getPresignedUrl" signature="$s3Key, $expires" line-rate="1" branch-rate="0" complexity="3">
              <lines>
                <line number="102" hits="3"/>
                <line number="103" hits="1"/>
                <line number="104" hits="1"/>
                <line number="108" hits="2"/>
                <line number="109" hits="2"/>
                <line number="110" hits="2"/>
                <line number="111" hits="2"/>
                <line number="113" hits="1"/>
                <line number="114" hits="1"/>
                <line number="115" hits="1"/>
                <line number="116" hits="1"/>
                <line number="117" hits="1"/>
              </lines>
            </method>
            <method name="deleteFile" signature="$s3Key" line-rate="1" branch-rate="0" complexity="3">
              <lines>
                <line number="128" hits="3"/>
                <line number="129" hits="1"/>
                <line number="130" hits="1"/>
                <line number="134" hits="2"/>
                <line number="135" hits="2"/>
                <line number="136" hits="2"/>
                <line number="137" hits="2"/>
                <line number="138" hits="1"/>
                <line number="139" hits="1"/>
                <line number="140" hits="1"/>
                <line number="141" hits="1"/>
              </lines>
            </method>
            <method name="fileExists" signature="$s3Key" line-rate="1" branch-rate="0" complexity="2">
              <lines>
                <line number="152" hits="3"/>
                <line number="153" hits="1"/>
                <line number="154" hits="1"/>
                <line number="156" hits="2"/>
              </lines>
            </method>
            <method name="getS3KeyFromUrl" signature="$s3Url" line-rate="1" branch-rate="0" complexity="3">
              <lines>
                <line number="168" hits="4"/>
                <line number="169" hits="1"/>
                <line number="173" hits="3"/>
                <line number="175" hits="3"/>
                <line number="176" hits="1"/>
                <line number="180" hits="2"/>
              </lines>
            </method>
          </methods>
          <lines>
            <line number="17" hits="1"/>
            <line number="19" hits="1"/>
            <line number="20" hits="1"/>
            <line number="21" hits="1"/>
            <line number="22" hits="1"/>
            <line number="23" hits="1"/>
            <line number="28" hits="2"/>
            <line number="29" hits="2"/>
            <line number="30" hits="2"/>
            <line number="31" hits="2"/>
            <line number="32" hits="2"/>
            <line number="33" hits="2"/>
            <line number="34" hits="2"/>
            <line number="35" hits="2"/>
            <line number="41" hits="3"/>
            <line number="46" hits="3"/>
            <line number="51" hits="3"/>
            <line number="65" hits="4"/>
            <line number="66" hits="1"/>
            <line number="67" hits="1"/>
            <line number="71" hits="3"/>
            <line number="72" hits="1"/>
            <line number="73" hits="1"/>
            <line number="78" hits="2"/>
            <line number="79" hits="2"/>
            <line number="80" hits="2"/>
            <line number="81" hits="2"/>
            <line number="83" hits="2"/>
            <line number="84" hits="2"/>
            <line number="87" hits="1"/>
            <line number="88" hits="1"/>
            <line number="89" hits="1"/>
            <line number="90" hits="1"/>
            <line number="102" hits="3"/>
            <line number="103" hits="1"/>
            <line number="104" hits="1"/>
            <line number="108" hits="2"/>
            <line number="109" hits="2"/>
            <line number="110" hits="2"/>
            <line number="111" hits="2"/>
            <line number="113" hits="1"/>
            <line number="114" hits="1"/>
            <line number="115" hits="1"/>
            <line number="116" hits="1"/>
            <line number="117" hits="1"/>
            <line number="128" hits="3"/>
            <line number="129" hits="1"/>
            <line number="130" hits="1"/>
            <line number="134" hits="2"/>
            <line number="135" hits="2"/>
            <line number="136" hits="2"/>
            <line number="137" hits="2"/>
            <line number="138" hits="1"/>
            <line number="139" hits="1"/>
            <line number="140" hits="1"/>
            <line number="141" hits="1"/>
            <line number="152" hits="3"/>
            <line number="153" hits="1"/>
            <line number="154" hits="1"/>
            <line number="156" hits="2"/>
            <line number="168" hits="4"/>
            <line number="169" hits="1"/>
            <line number="173" hits="3"/>
            <line number="175" hits="3"/>
            <line number="176" hits="1"/>
            <line number="180" hits="2"/>
          </lines>
        </class>
      </classes>
    </package>
    <package name="components/UserIdentity.php" line-rate="1" branch-rate="0" complexity="4">
      <classes>
        <class name="UserIdentity" filename="components/UserIdentity.php" line-rate="1" branch-rate="0" complexity="4">
          <methods>
            <method name="authenticate" signature="" line-rate="1" branch-rate="0" complexity="3">
              <lines>
                <line number="20" hits="4"/>
                <line number="21" hits="4"/>
                <line number="27" hits="4"/>
                <line number="29" hits="4"/>
                <line number="30" hits="2"/>
                <line number="31" hits="2"/>
                <line number="32" hits="1"/>
                <line number="34" hits="1"/>
                <line number="35" hits="1"/>
                <line number="36" hits="1"/>
                <line number="37" hits="1"/>
                <line number="38" hits="1"/>
                <line number="40" hits="1"/>
                <line number="43" hits="1"/>
                <line number="45" hits="1"/>
                <line number="47" hits="4"/>
              </lines>
            </method>
            <method name="getId" signature="" line-rate="1" branch-rate="0" complexity="1">
              <lines>
                <line number="52" hits="4"/>
              </lines>
            </method>
          </methods>
          <lines>
            <line number="20" hits="4"/>
            <line number="21" hits="4"/>
            <line number="27" hits="4"/>
            <line number="29" hits="4"/>
            <line number="30" hits="2"/>
            <line number="31" hits="2"/>
            <line number="32" hits="1"/>
            <line number="34" hits="1"/>
            <line number="35" hits="1"/>
            <line number="36" hits="1"/>
            <line number="37" hits="1"/>
            <line number="38" hits="1"/>
            <line number="40" hits="1"/>
            <line number="43" hits="1"/>
            <line number="45" hits="1"/>
            <line number="47" hits="4"/>
            <line number="52" hits="4"/>
          </lines>
        </class>
      </classes>
    </package>
    <package name="components/WebUser.php" line-rate="1" branch-rate="0" complexity="10">
      <classes>
        <class name="WebUser" filename="components/WebUser.php" line-rate="1" branch-rate="0" complexity="10">
          <methods>
            <method name="getRole" signature="" line-rate="1" branch-rate="0" complexity="2">
              <lines>
                <line number="12" hits="4"/>
                <line number="13" hits="1"/>
                <line number="15" hits="3"/>
              </lines>
            </method>
            <method name="getName" signature="" line-rate="1" branch-rate="0" complexity="2">
              <lines>
                <line number="20" hits="2"/>
                <line number="21" hits="1"/>
                <line number="23" hits="1"/>
              </lines>
            </method>
            <method name="hasRole" signature="$roleName" line-rate="1" branch-rate="0" complexity="3">
              <lines>
                <line number="28" hits="3"/>
                <line number="29" hits="1"/>
                <line number="32" hits="2"/>
                <line number="34" hits="2"/>
                <line number="35" hits="1"/>
                <line number="38" hits="1"/>
              </lines>
            </method>
            <method name="isAdmin" signature="" line-rate="1" branch-rate="0" complexity="1">
              <lines>
                <line number="43" hits="1"/>
              </lines>
            </method>
            <method name="isStaff" signature="" line-rate="1" branch-rate="0" complexity="1">
              <lines>
                <line number="48" hits="1"/>
              </lines>
            </method>
            <method name="isManager" signature="" line-rate="1" branch-rate="0" complexity="1">
              <lines>
                <line number="53" hits="1"/>
              </lines>
            </method>
          </methods>
          <lines>
            <line number="12" hits="4"/>
            <line number="13" hits="1"/>
            <line number="15" hits="3"/>
            <line number="20" hits="2"/>
            <line number="21" hits="1"/>
            <line number="23" hits="1"/>
            <line number="28" hits="3"/>
            <line number="29" hits="1"/>
            <line number="32" hits="2"/>
            <line number="34" hits="2"/>
            <line number="35" hits="1"/>
            <line number="38" hits="1"/>
            <line number="43" hits="1"/>
            <line number="48" hits="1"/>
            <line number="53" hits="1"/>
          </lines>
        </class>
      </classes>
    </package>
    <package name="components/helpers/CategoryHelper.php" line-rate="0.99159663865546" branch-rate="0" complexity="27">
      <classes>
        <class name="CategoryHelper" filename="components/helpers/CategoryHelper.php" line-rate="0.99159663865546" branch-rate="0" complexity="27">
          <methods>
            <method name="loadCategoryById" signature="$id" line-rate="1" branch-rate="0" complexity="5">
              <lines>
                <line number="22" hits="4"/>
                <line number="25" hits="4"/>
                <line number="26" hits="1"/>
                <line number="27" hits="1"/>
                <line number="30" hits="3"/>
                <line number="32" hits="2"/>
                <line number="33" hits="1"/>
                <line number="34" hits="1"/>
                <line number="37" hits="1"/>
                <line number="38" hits="1"/>
                <line number="39" hits="3"/>
                <line number="40" hits="2"/>
                <line number="41" hits="1"/>
                <line number="42" hits="1"/>
                <line number="43" hits="1"/>
              </lines>
            </method>
            <method name="createCategory" signature="$data" line-rate="1" branch-rate="0" complexity="4">
              <lines>
                <line number="55" hits="3"/>
                <line number="58" hits="3"/>
                <line number="59" hits="3"/>
                <line number="61" hits="3"/>
                <line number="62" hits="1"/>
                <line number="63" hits="1"/>
                <line number="64" hits="1"/>
                <line number="65" hits="1"/>
                <line number="66" hits="1"/>
                <line number="67" hits="1"/>
                <line number="69" hits="1"/>
                <line number="70" hits="1"/>
                <line number="71" hits="1"/>
                <line number="72" hits="1"/>
                <line number="73" hits="1"/>
                <line number="74" hits="1"/>
                <line number="76" hits="1"/>
                <line number="77" hits="1"/>
                <line number="80" hits="1"/>
                <line number="81" hits="1"/>
                <line number="82" hits="1"/>
                <line number="83" hits="1"/>
                <line number="84" hits="1"/>
                <line number="85" hits="1"/>
              </lines>
            </method>
            <method name="updateCategory" signature="$model, $data" line-rate="1" branch-rate="0" complexity="3">
              <lines>
                <line number="98" hits="3"/>
                <line number="101" hits="3"/>
                <line number="103" hits="2"/>
                <line number="104" hits="1"/>
                <line number="105" hits="1"/>
                <line number="106" hits="1"/>
                <line number="107" hits="1"/>
                <line number="108" hits="1"/>
                <line number="109" hits="1"/>
                <line number="111" hits="1"/>
                <line number="112" hits="1"/>
                <line number="113" hits="1"/>
                <line number="114" hits="1"/>
                <line number="115" hits="1"/>
                <line number="116" hits="1"/>
                <line number="118" hits="1"/>
                <line number="119" hits="1"/>
                <line number="122" hits="1"/>
                <line number="123" hits="1"/>
                <line number="124" hits="1"/>
                <line number="125" hits="1"/>
                <line number="126" hits="1"/>
              </lines>
            </method>
            <method name="deleteCategory" signature="$model" line-rate="0.97297297297297" branch-rate="0" complexity="7">
              <lines>
                <line number="138" hits="5"/>
                <line number="142" hits="5"/>
                <line number="143" hits="4"/>
                <line number="144" hits="1"/>
                <line number="145" hits="1"/>
                <line number="146" hits="1"/>
                <line number="147" hits="1"/>
                <line number="148" hits="1"/>
                <line number="149" hits="1"/>
                <line number="153" hits="3"/>
                <line number="154" hits="3"/>
                <line number="155" hits="1"/>
                <line number="156" hits="1"/>
                <line number="157" hits="1"/>
                <line number="158" hits="1"/>
                <line number="159" hits="1"/>
                <line number="160" hits="1"/>
                <line number="164" hits="2"/>
                <line number="165" hits="1"/>
                <line number="166" hits="1"/>
                <line number="167" hits="1"/>
                <line number="168" hits="1"/>
                <line number="169" hits="1"/>
                <line number="171" hits="1"/>
                <line number="172" hits="1"/>
                <line number="173" hits="0"/>
                <line number="175" hits="1"/>
                <line number="176" hits="1"/>
                <line number="177" hits="1"/>
                <line number="178" hits="1"/>
                <line number="179" hits="1"/>
                <line number="181" hits="1"/>
                <line number="182" hits="1"/>
                <line number="185" hits="1"/>
                <line number="186" hits="1"/>
                <line number="187" hits="1"/>
                <line number="188" hits="1"/>
              </lines>
            </method>
            <method name="prepareCategorySearch" signature="$searchData" line-rate="1" branch-rate="0" complexity="3">
              <lines>
                <line number="200" hits="3"/>
                <line number="203" hits="3"/>
                <line number="204" hits="2"/>
                <line number="206" hits="2"/>
                <line number="207" hits="1"/>
                <line number="208" hits="1"/>
                <line number="211" hits="2"/>
                <line number="212" hits="1"/>
                <line number="213" hits="1"/>
                <line number="214" hits="1"/>
              </lines>
            </method>
            <method name="getParentCategoryOptions" signature="$excludeId" line-rate="1" branch-rate="0" complexity="2">
              <lines>
                <line number="227" hits="3"/>
                <line number="228" hits="1"/>
                <line number="229" hits="1"/>
                <line number="230" hits="1"/>
              </lines>
            </method>
            <method name="handleAjaxResponse" signature="$result, $isAjax" line-rate="1" branch-rate="0" complexity="3">
              <lines>
                <line number="243" hits="2"/>
                <line number="244" hits="1"/>
                <line number="245" hits="1"/>
                <line number="246" hits="1"/>
                <line number="247" hits="1"/>
                <line number="248" hits="1"/>
                <line number="249" hits="1"/>
              </lines>
            </method>
          </methods>
          <lines>
            <line number="22" hits="4"/>
            <line number="25" hits="4"/>
            <line number="26" hits="1"/>
            <line number="27" hits="1"/>
            <line number="30" hits="3"/>
            <line number="32" hits="2"/>
            <line number="33" hits="1"/>
            <line number="34" hits="1"/>
            <line number="37" hits="1"/>
            <line number="38" hits="1"/>
            <line number="39" hits="3"/>
            <line number="40" hits="2"/>
            <line number="41" hits="1"/>
            <line number="42" hits="1"/>
            <line number="43" hits="1"/>
            <line number="55" hits="3"/>
            <line number="58" hits="3"/>
            <line number="59" hits="3"/>
            <line number="61" hits="3"/>
            <line number="62" hits="1"/>
            <line number="63" hits="1"/>
            <line number="64" hits="1"/>
            <line number="65" hits="1"/>
            <line number="66" hits="1"/>
            <line number="67" hits="1"/>
            <line number="69" hits="1"/>
            <line number="70" hits="1"/>
            <line number="71" hits="1"/>
            <line number="72" hits="1"/>
            <line number="73" hits="1"/>
            <line number="74" hits="1"/>
            <line number="76" hits="1"/>
            <line number="77" hits="1"/>
            <line number="80" hits="1"/>
            <line number="81" hits="1"/>
            <line number="82" hits="1"/>
            <line number="83" hits="1"/>
            <line number="84" hits="1"/>
            <line number="85" hits="1"/>
            <line number="98" hits="3"/>
            <line number="101" hits="3"/>
            <line number="103" hits="2"/>
            <line number="104" hits="1"/>
            <line number="105" hits="1"/>
            <line number="106" hits="1"/>
            <line number="107" hits="1"/>
            <line number="108" hits="1"/>
            <line number="109" hits="1"/>
            <line number="111" hits="1"/>
            <line number="112" hits="1"/>
            <line number="113" hits="1"/>
            <line number="114" hits="1"/>
            <line number="115" hits="1"/>
            <line number="116" hits="1"/>
            <line number="118" hits="1"/>
            <line number="119" hits="1"/>
            <line number="122" hits="1"/>
            <line number="123" hits="1"/>
            <line number="124" hits="1"/>
            <line number="125" hits="1"/>
            <line number="126" hits="1"/>
            <line number="138" hits="5"/>
            <line number="142" hits="5"/>
            <line number="143" hits="4"/>
            <line number="144" hits="1"/>
            <line number="145" hits="1"/>
            <line number="146" hits="1"/>
            <line number="147" hits="1"/>
            <line number="148" hits="1"/>
            <line number="149" hits="1"/>
            <line number="153" hits="3"/>
            <line number="154" hits="3"/>
            <line number="155" hits="1"/>
            <line number="156" hits="1"/>
            <line number="157" hits="1"/>
            <line number="158" hits="1"/>
            <line number="159" hits="1"/>
            <line number="160" hits="1"/>
            <line number="164" hits="2"/>
            <line number="165" hits="1"/>
            <line number="166" hits="1"/>
            <line number="167" hits="1"/>
            <line number="168" hits="1"/>
            <line number="169" hits="1"/>
            <line number="171" hits="1"/>
            <line number="172" hits="1"/>
            <line number="173" hits="0"/>
            <line number="175" hits="1"/>
            <line number="176" hits="1"/>
            <line number="177" hits="1"/>
            <line number="178" hits="1"/>
            <line number="179" hits="1"/>
            <line number="181" hits="1"/>
            <line number="182" hits="1"/>
            <line number="185" hits="1"/>
            <line number="186" hits="1"/>
            <line number="187" hits="1"/>
            <line number="188" hits="1"/>
            <line number="200" hits="3"/>
            <line number="203" hits="3"/>
            <line number="204" hits="2"/>
            <line number="206" hits="2"/>
            <line number="207" hits="1"/>
            <line number="208" hits="1"/>
            <line number="211" hits="2"/>
            <line number="212" hits="1"/>
            <line number="213" hits="1"/>
            <line number="214" hits="1"/>
            <line number="227" hits="3"/>
            <line number="228" hits="1"/>
            <line number="229" hits="1"/>
            <line number="230" hits="1"/>
            <line number="243" hits="2"/>
            <line number="244" hits="1"/>
            <line number="245" hits="1"/>
            <line number="246" hits="1"/>
            <line number="247" hits="1"/>
            <line number="248" hits="1"/>
            <line number="249" hits="1"/>
          </lines>
        </class>
      </classes>
    </package>
    <package name="components/helpers/DashboardHelper.php" line-rate="1" branch-rate="0" complexity="6">
      <classes>
        <class name="DashboardHelper" filename="components/helpers/DashboardHelper.php" line-rate="1" branch-rate="0" complexity="6">
          <methods>
            <method name="getDashboardData" signature="" line-rate="1" branch-rate="0" complexity="2">
              <lines>
                <line number="19" hits="5"/>
                <line number="22" hits="5"/>
                <line number="25" hits="4"/>
                <line number="28" hits="3"/>
                <line number="31" hits="2"/>
                <line number="32" hits="2"/>
                <line number="33" hits="2"/>
                <line number="34" hits="2"/>
                <line number="36" hits="1"/>
                <line number="37" hits="1"/>
                <line number="38" hits="1"/>
                <line number="39" hits="1"/>
                <line number="40" hits="1"/>
                <line number="41" hits="1"/>
                <line number="42" hits="1"/>
                <line number="43" hits="4"/>
                <line number="44" hits="4"/>
                <line number="47" hits="4"/>
                <line number="48" hits="4"/>
                <line number="49" hits="4"/>
                <line number="50" hits="4"/>
                <line number="51" hits="4"/>
                <line number="52" hits="4"/>
                <line number="53" hits="4"/>
                <line number="54" hits="4"/>
                <line number="55" hits="4"/>
                <line number="56" hits="4"/>
                <line number="57" hits="4"/>
                <line number="58" hits="4"/>
                <line number="59" hits="4"/>
              </lines>
            </method>
            <method name="getLowStockProducts" signature="$threshold, $limit" line-rate="1" branch-rate="0" complexity="2">
              <lines>
                <line number="73" hits="4"/>
                <line number="75" hits="4"/>
                <line number="76" hits="4"/>
                <line number="77" hits="4"/>
                <line number="78" hits="4"/>
                <line number="80" hits="4"/>
                <line number="81" hits="1"/>
                <line number="82" hits="1"/>
                <line number="83" hits="1"/>
              </lines>
            </method>
            <method name="getRecentProductActivities" signature="$limit" line-rate="1" branch-rate="0" complexity="2">
              <lines>
                <line number="96" hits="5"/>
                <line number="98" hits="5"/>
                <line number="99" hits="5"/>
                <line number="100" hits="5"/>
                <line number="102" hits="5"/>
                <line number="103" hits="1"/>
                <line number="104" hits="1"/>
                <line number="105" hits="1"/>
              </lines>
            </method>
          </methods>
          <lines>
            <line number="19" hits="5"/>
            <line number="22" hits="5"/>
            <line number="25" hits="4"/>
            <line number="28" hits="3"/>
            <line number="31" hits="2"/>
            <line number="32" hits="2"/>
            <line number="33" hits="2"/>
            <line number="34" hits="2"/>
            <line number="36" hits="1"/>
            <line number="37" hits="1"/>
            <line number="38" hits="1"/>
            <line number="39" hits="1"/>
            <line number="40" hits="1"/>
            <line number="41" hits="1"/>
            <line number="42" hits="1"/>
            <line number="43" hits="4"/>
            <line number="44" hits="4"/>
            <line number="47" hits="4"/>
            <line number="48" hits="4"/>
            <line number="49" hits="4"/>
            <line number="50" hits="4"/>
            <line number="51" hits="4"/>
            <line number="52" hits="4"/>
            <line number="53" hits="4"/>
            <line number="54" hits="4"/>
            <line number="55" hits="4"/>
            <line number="56" hits="4"/>
            <line number="57" hits="4"/>
            <line number="58" hits="4"/>
            <line number="59" hits="4"/>
            <line number="73" hits="4"/>
            <line number="75" hits="4"/>
            <line number="76" hits="4"/>
            <line number="77" hits="4"/>
            <line number="78" hits="4"/>
            <line number="80" hits="4"/>
            <line number="81" hits="1"/>
            <line number="82" hits="1"/>
            <line number="83" hits="1"/>
            <line number="96" hits="5"/>
            <line number="98" hits="5"/>
            <line number="99" hits="5"/>
            <line number="100" hits="5"/>
            <line number="102" hits="5"/>
            <line number="103" hits="1"/>
            <line number="104" hits="1"/>
            <line number="105" hits="1"/>
          </lines>
        </class>
      </classes>
    </package>
    <package name="components/helpers/ProductHelper.php" line-rate="0.94409937888199" branch-rate="0" complexity="58">
      <classes>
        <class name="ProductHelper" filename="components/helpers/ProductHelper.php" line-rate="0.94409937888199" branch-rate="0" complexity="58">
          <methods>
            <method name="loadProductById" signature="$id" line-rate="1" branch-rate="0" complexity="5">
              <lines>
                <line number="16" hits="4"/>
                <line number="19" hits="4"/>
                <line number="20" hits="1"/>
                <line number="21" hits="1"/>
                <line number="24" hits="3"/>
                <line number="26" hits="2"/>
                <line number="27" hits="1"/>
                <line number="28" hits="1"/>
                <line number="31" hits="1"/>
                <line number="32" hits="1"/>
                <line number="33" hits="3"/>
                <line number="34" hits="2"/>
                <line number="35" hits="1"/>
                <line number="36" hits="1"/>
                <line number="37" hits="1"/>
              </lines>
            </method>
            <method name="processImageUpload" signature="$uploadedFile" line-rate="1" branch-rate="0" complexity="4">
              <lines>
                <line number="49" hits="6"/>
                <line number="50" hits="1"/>
                <line number="54" hits="5"/>
                <line number="56" hits="5"/>
                <line number="57" hits="5"/>
                <line number="59" hits="4"/>
                <line number="60" hits="3"/>
                <line number="61" hits="3"/>
                <line number="63" hits="1"/>
                <line number="64" hits="1"/>
                <line number="66" hits="1"/>
                <line number="67" hits="1"/>
                <line number="68" hits="1"/>
              </lines>
            </method>
            <method name="createProduct" signature="$data, $uploadedFile" line-rate="0.90625" branch-rate="0" complexity="8">
              <lines>
                <line number="81" hits="5"/>
                <line number="84" hits="5"/>
                <line number="85" hits="4"/>
                <line number="87" hits="4"/>
                <line number="88" hits="4"/>
                <line number="89" hits="1"/>
                <line number="90" hits="1"/>
                <line number="91" hits="1"/>
                <line number="92" hits="1"/>
                <line number="94" hits="0"/>
                <line number="98" hits="4"/>
                <line number="100" hits="4"/>
                <line number="101" hits="2"/>
                <line number="102" hits="2"/>
                <line number="103" hits="2"/>
                <line number="104" hits="2"/>
                <line number="105" hits="2"/>
                <line number="106" hits="2"/>
                <line number="107" hits="2"/>
                <line number="108" hits="2"/>
                <line number="111" hits="2"/>
                <line number="112" hits="0"/>
                <line number="113" hits="0"/>
                <line number="115" hits="2"/>
                <line number="116" hits="2"/>
                <line number="117" hits="2"/>
                <line number="118" hits="2"/>
                <line number="119" hits="2"/>
                <line number="120" hits="2"/>
                <line number="122" hits="1"/>
                <line number="123" hits="1"/>
                <line number="124" hits="1"/>
              </lines>
            </method>
            <method name="updateProduct" signature="$model, $data, $uploadedFile, $clearImage" line-rate="0.92682926829268" branch-rate="0" complexity="16">
              <lines>
                <line number="139" hits="4"/>
                <line number="142" hits="4"/>
                <line number="143" hits="4"/>
                <line number="145" hits="3"/>
                <line number="146" hits="3"/>
                <line number="148" hits="3"/>
                <line number="150" hits="3"/>
                <line number="151" hits="1"/>
                <line number="152" hits="1"/>
                <line number="153" hits="1"/>
                <line number="154" hits="1"/>
                <line number="156" hits="0"/>
                <line number="158" hits="2"/>
                <line number="159" hits="1"/>
                <line number="160" hits="1"/>
                <line number="161" hits="1"/>
                <line number="162" hits="1"/>
                <line number="166" hits="3"/>
                <line number="168" hits="3"/>
                <line number="169" hits="2"/>
                <line number="172" hits="2"/>
                <line number="173" hits="2"/>
                <line number="174" hits="2"/>
                <line number="178" hits="2"/>
                <line number="179" hits="2"/>
                <line number="180" hits="2"/>
                <line number="181" hits="2"/>
                <line number="182" hits="2"/>
                <line number="183" hits="2"/>
                <line number="186" hits="1"/>
                <line number="187" hits="0"/>
                <line number="188" hits="0"/>
                <line number="190" hits="1"/>
                <line number="191" hits="1"/>
                <line number="192" hits="1"/>
                <line number="193" hits="1"/>
                <line number="194" hits="1"/>
                <line number="195" hits="1"/>
                <line number="197" hits="1"/>
                <line number="198" hits="1"/>
                <line number="199" hits="1"/>
              </lines>
            </method>
            <method name="deleteProduct" signature="$model" line-rate="0.95454545454545" branch-rate="0" complexity="7">
              <lines>
                <line number="211" hits="5"/>
                <line number="214" hits="5"/>
                <line number="216" hits="4"/>
                <line number="218" hits="3"/>
                <line number="219" hits="1"/>
                <line number="220" hits="1"/>
                <line number="223" hits="3"/>
                <line number="224" hits="3"/>
                <line number="225" hits="3"/>
                <line number="226" hits="3"/>
                <line number="227" hits="3"/>
                <line number="229" hits="1"/>
                <line number="230" hits="1"/>
                <line number="231" hits="0"/>
                <line number="233" hits="1"/>
                <line number="234" hits="1"/>
                <line number="235" hits="1"/>
                <line number="236" hits="1"/>
                <line number="237" hits="1"/>
                <line number="239" hits="1"/>
                <line number="240" hits="1"/>
                <line number="241" hits="1"/>
              </lines>
            </method>
            <method name="prepareProductSearch" signature="$searchData" line-rate="1" branch-rate="0" complexity="3">
              <lines>
                <line number="253" hits="3"/>
                <line number="256" hits="3"/>
                <line number="257" hits="2"/>
                <line number="259" hits="2"/>
                <line number="260" hits="1"/>
                <line number="261" hits="1"/>
                <line number="264" hits="2"/>
                <line number="265" hits="1"/>
                <line number="266" hits="1"/>
                <line number="267" hits="1"/>
              </lines>
            </method>
            <method name="getCategoryOptions" signature="" line-rate="1" branch-rate="0" complexity="2">
              <lines>
                <line number="279" hits="2"/>
                <line number="280" hits="1"/>
                <line number="281" hits="1"/>
                <line number="282" hits="1"/>
              </lines>
            </method>
            <method name="getProductImageUrl" signature="$model" line-rate="1" branch-rate="0" complexity="2">
              <lines>
                <line number="294" hits="2"/>
              </lines>
            </method>
            <method name="recordStockLog" signature="$model, $method" line-rate="0.875" branch-rate="0" complexity="8">
              <lines>
                <line number="307" hits="6"/>
                <line number="308" hits="6"/>
                <line number="310" hits="6"/>
                <line number="311" hits="0"/>
                <line number="312" hits="0"/>
                <line number="316" hits="6"/>
                <line number="317" hits="6"/>
                <line number="318" hits="6"/>
                <line number="319" hits="6"/>
                <line number="320" hits="6"/>
                <line number="321" hits="6"/>
                <line number="322" hits="6"/>
                <line number="323" hits="6"/>
                <line number="324" hits="6"/>
                <line number="326" hits="1"/>
                <line number="327" hits="1"/>
              </lines>
            </method>
            <method name="handleAjaxResponse" signature="$result, $isAjax" line-rate="1" branch-rate="0" complexity="3">
              <lines>
                <line number="341" hits="2"/>
                <line number="342" hits="1"/>
                <line number="343" hits="1"/>
                <line number="344" hits="1"/>
                <line number="345" hits="1"/>
                <line number="346" hits="1"/>
                <line number="347" hits="1"/>
              </lines>
            </method>
          </methods>
          <lines>
            <line number="16" hits="4"/>
            <line number="19" hits="4"/>
            <line number="20" hits="1"/>
            <line number="21" hits="1"/>
            <line number="24" hits="3"/>
            <line number="26" hits="2"/>
            <line number="27" hits="1"/>
            <line number="28" hits="1"/>
            <line number="31" hits="1"/>
            <line number="32" hits="1"/>
            <line number="33" hits="3"/>
            <line number="34" hits="2"/>
            <line number="35" hits="1"/>
            <line number="36" hits="1"/>
            <line number="37" hits="1"/>
            <line number="49" hits="6"/>
            <line number="50" hits="1"/>
            <line number="54" hits="5"/>
            <line number="56" hits="5"/>
            <line number="57" hits="5"/>
            <line number="59" hits="4"/>
            <line number="60" hits="3"/>
            <line number="61" hits="3"/>
            <line number="63" hits="1"/>
            <line number="64" hits="1"/>
            <line number="66" hits="1"/>
            <line number="67" hits="1"/>
            <line number="68" hits="1"/>
            <line number="81" hits="5"/>
            <line number="84" hits="5"/>
            <line number="85" hits="4"/>
            <line number="87" hits="4"/>
            <line number="88" hits="4"/>
            <line number="89" hits="1"/>
            <line number="90" hits="1"/>
            <line number="91" hits="1"/>
            <line number="92" hits="1"/>
            <line number="94" hits="0"/>
            <line number="98" hits="4"/>
            <line number="100" hits="4"/>
            <line number="101" hits="2"/>
            <line number="102" hits="2"/>
            <line number="103" hits="2"/>
            <line number="104" hits="2"/>
            <line number="105" hits="2"/>
            <line number="106" hits="2"/>
            <line number="107" hits="2"/>
            <line number="108" hits="2"/>
            <line number="111" hits="2"/>
            <line number="112" hits="0"/>
            <line number="113" hits="0"/>
            <line number="115" hits="2"/>
            <line number="116" hits="2"/>
            <line number="117" hits="2"/>
            <line number="118" hits="2"/>
            <line number="119" hits="2"/>
            <line number="120" hits="2"/>
            <line number="122" hits="1"/>
            <line number="123" hits="1"/>
            <line number="124" hits="1"/>
            <line number="139" hits="4"/>
            <line number="142" hits="4"/>
            <line number="143" hits="4"/>
            <line number="145" hits="3"/>
            <line number="146" hits="3"/>
            <line number="148" hits="3"/>
            <line number="150" hits="3"/>
            <line number="151" hits="1"/>
            <line number="152" hits="1"/>
            <line number="153" hits="1"/>
            <line number="154" hits="1"/>
            <line number="156" hits="0"/>
            <line number="158" hits="2"/>
            <line number="159" hits="1"/>
            <line number="160" hits="1"/>
            <line number="161" hits="1"/>
            <line number="162" hits="1"/>
            <line number="166" hits="3"/>
            <line number="168" hits="3"/>
            <line number="169" hits="2"/>
            <line number="172" hits="2"/>
            <line number="173" hits="2"/>
            <line number="174" hits="2"/>
            <line number="178" hits="2"/>
            <line number="179" hits="2"/>
            <line number="180" hits="2"/>
            <line number="181" hits="2"/>
            <line number="182" hits="2"/>
            <line number="183" hits="2"/>
            <line number="186" hits="1"/>
            <line number="187" hits="0"/>
            <line number="188" hits="0"/>
            <line number="190" hits="1"/>
            <line number="191" hits="1"/>
            <line number="192" hits="1"/>
            <line number="193" hits="1"/>
            <line number="194" hits="1"/>
            <line number="195" hits="1"/>
            <line number="197" hits="1"/>
            <line number="198" hits="1"/>
            <line number="199" hits="1"/>
            <line number="211" hits="5"/>
            <line number="214" hits="5"/>
            <line number="216" hits="4"/>
            <line number="218" hits="3"/>
            <line number="219" hits="1"/>
            <line number="220" hits="1"/>
            <line number="223" hits="3"/>
            <line number="224" hits="3"/>
            <line number="225" hits="3"/>
            <line number="226" hits="3"/>
            <line number="227" hits="3"/>
            <line number="229" hits="1"/>
            <line number="230" hits="1"/>
            <line number="231" hits="0"/>
            <line number="233" hits="1"/>
            <line number="234" hits="1"/>
            <line number="235" hits="1"/>
            <line number="236" hits="1"/>
            <line number="237" hits="1"/>
            <line number="239" hits="1"/>
            <line number="240" hits="1"/>
            <line number="241" hits="1"/>
            <line number="253" hits="3"/>
            <line number="256" hits="3"/>
            <line number="257" hits="2"/>
            <line number="259" hits="2"/>
            <line number="260" hits="1"/>
            <line number="261" hits="1"/>
            <line number="264" hits="2"/>
            <line number="265" hits="1"/>
            <line number="266" hits="1"/>
            <line number="267" hits="1"/>
            <line number="279" hits="2"/>
            <line number="280" hits="1"/>
            <line number="281" hits="1"/>
            <line number="282" hits="1"/>
            <line number="294" hits="2"/>
            <line number="307" hits="6"/>
            <line number="308" hits="6"/>
            <line number="310" hits="6"/>
            <line number="311" hits="0"/>
            <line number="312" hits="0"/>
            <line number="316" hits="6"/>
            <line number="317" hits="6"/>
            <line number="318" hits="6"/>
            <line number="319" hits="6"/>
            <line number="320" hits="6"/>
            <line number="321" hits="6"/>
            <line number="322" hits="6"/>
            <line number="323" hits="6"/>
            <line number="324" hits="6"/>
            <line number="326" hits="1"/>
            <line number="327" hits="1"/>
            <line number="341" hits="2"/>
            <line number="342" hits="1"/>
            <line number="343" hits="1"/>
            <line number="344" hits="1"/>
            <line number="345" hits="1"/>
            <line number="346" hits="1"/>
            <line number="347" hits="1"/>
          </lines>
        </class>
      </classes>
    </package>
    <package name="components/helpers/ReportHelper.php" line-rate="0.9952380952381" branch-rate="0" complexity="40">
      <classes>
        <class name="ReportHelper" filename="components/helpers/ReportHelper.php" line-rate="0.9952380952381" branch-rate="0" complexity="40">
          <methods>
            <method name="generateStockLevelReport" signature="" line-rate="1" branch-rate="0" complexity="17">
              <lines>
                <line number="12" hits="6"/>
                <line number="15" hits="6"/>
                <line number="16" hits="6"/>
                <line number="18" hits="5"/>
                <line number="19" hits="5"/>
                <line number="21" hits="5"/>
                <line number="22" hits="3"/>
                <line number="25" hits="3"/>
                <line number="26" hits="3"/>
                <line number="27" hits="3"/>
                <line number="29" hits="3"/>
                <line number="30" hits="3"/>
                <line number="31" hits="3"/>
                <line number="32" hits="3"/>
                <line number="33" hits="3"/>
                <line number="34" hits="3"/>
                <line number="35" hits="3"/>
                <line number="36" hits="3"/>
                <line number="37" hits="3"/>
                <line number="38" hits="3"/>
                <line number="39" hits="3"/>
                <line number="40" hits="3"/>
                <line number="41" hits="3"/>
                <line number="42" hits="3"/>
                <line number="44" hits="3"/>
                <line number="46" hits="2"/>
                <line number="49" hits="1"/>
                <line number="50" hits="1"/>
                <line number="51" hits="1"/>
                <line number="52" hits="1"/>
                <line number="56" hits="1"/>
                <line number="57" hits="1"/>
                <line number="58" hits="1"/>
                <line number="59" hits="1"/>
                <line number="60" hits="1"/>
                <line number="63" hits="1"/>
                <line number="64" hits="1"/>
                <line number="66" hits="1"/>
                <line number="67" hits="2"/>
                <line number="70" hits="1"/>
                <line number="71" hits="1"/>
                <line number="72" hits="1"/>
                <line number="73" hits="1"/>
                <line number="74" hits="1"/>
                <line number="75" hits="1"/>
                <line number="76" hits="1"/>
                <line number="77" hits="1"/>
                <line number="78" hits="1"/>
                <line number="82" hits="2"/>
                <line number="83" hits="2"/>
                <line number="84" hits="2"/>
                <line number="86" hits="2"/>
                <line number="87" hits="1"/>
                <line number="88" hits="1"/>
                <line number="89" hits="1"/>
                <line number="90" hits="1"/>
                <line number="91" hits="1"/>
                <line number="92" hits="1"/>
                <line number="96" hits="3"/>
                <line number="97" hits="3"/>
                <line number="98" hits="3"/>
                <line number="99" hits="3"/>
                <line number="100" hits="3"/>
                <line number="102" hits="1"/>
                <line number="103" hits="1"/>
                <line number="104" hits="1"/>
                <line number="105" hits="1"/>
                <line number="106" hits="1"/>
                <line number="107" hits="1"/>
                <line number="108" hits="1"/>
                <line number="109" hits="1"/>
              </lines>
            </method>
            <method name="generateProductsPerCategoryReport" signature="" line-rate="1" branch-rate="0" complexity="9">
              <lines>
                <line number="120" hits="5"/>
                <line number="123" hits="5"/>
                <line number="124" hits="5"/>
                <line number="126" hits="4"/>
                <line number="127" hits="3"/>
                <line number="130" hits="3"/>
                <line number="131" hits="3"/>
                <line number="132" hits="3"/>
                <line number="134" hits="3"/>
                <line number="135" hits="3"/>
                <line number="136" hits="3"/>
                <line number="137" hits="3"/>
                <line number="138" hits="3"/>
                <line number="139" hits="3"/>
                <line number="140" hits="3"/>
                <line number="141" hits="3"/>
                <line number="142" hits="3"/>
                <line number="143" hits="3"/>
                <line number="144" hits="3"/>
                <line number="145" hits="3"/>
                <line number="146" hits="3"/>
                <line number="147" hits="3"/>
                <line number="148" hits="3"/>
                <line number="149" hits="3"/>
                <line number="150" hits="3"/>
                <line number="151" hits="3"/>
                <line number="153" hits="3"/>
                <line number="155" hits="2"/>
                <line number="156" hits="1"/>
                <line number="157" hits="1"/>
                <line number="158" hits="1"/>
                <line number="159" hits="1"/>
                <line number="162" hits="1"/>
                <line number="163" hits="1"/>
                <line number="164" hits="1"/>
                <line number="165" hits="1"/>
                <line number="166" hits="1"/>
                <line number="167" hits="1"/>
                <line number="170" hits="1"/>
                <line number="171" hits="1"/>
                <line number="173" hits="1"/>
                <line number="174" hits="2"/>
                <line number="176" hits="1"/>
                <line number="177" hits="1"/>
                <line number="178" hits="1"/>
                <line number="179" hits="1"/>
                <line number="180" hits="1"/>
                <line number="181" hits="1"/>
                <line number="182" hits="1"/>
                <line number="183" hits="1"/>
                <line number="186" hits="1"/>
                <line number="189" hits="3"/>
                <line number="190" hits="3"/>
                <line number="191" hits="3"/>
                <line number="192" hits="3"/>
                <line number="194" hits="1"/>
                <line number="195" hits="1"/>
                <line number="196" hits="1"/>
                <line number="197" hits="1"/>
                <line number="198" hits="1"/>
                <line number="199" hits="1"/>
                <line number="200" hits="1"/>
              </lines>
            </method>
            <method name="generatePriceRangeReport" signature="" line-rate="0.98529411764706" branch-rate="0" complexity="10">
              <lines>
                <line number="211" hits="6"/>
                <line number="214" hits="6"/>
                <line number="215" hits="6"/>
                <line number="217" hits="5"/>
                <line number="218" hits="3"/>
                <line number="221" hits="3"/>
                <line number="222" hits="3"/>
                <line number="223" hits="3"/>
                <line number="225" hits="3"/>
                <line number="226" hits="3"/>
                <line number="227" hits="3"/>
                <line number="228" hits="3"/>
                <line number="229" hits="3"/>
                <line number="230" hits="3"/>
                <line number="231" hits="3"/>
                <line number="232" hits="3"/>
                <line number="233" hits="3"/>
                <line number="234" hits="3"/>
                <line number="235" hits="3"/>
                <line number="237" hits="3"/>
                <line number="238" hits="3"/>
                <line number="239" hits="3"/>
                <line number="240" hits="3"/>
                <line number="241" hits="3"/>
                <line number="242" hits="3"/>
                <line number="243" hits="3"/>
                <line number="244" hits="3"/>
                <line number="246" hits="3"/>
                <line number="248" hits="3"/>
                <line number="249" hits="3"/>
                <line number="251" hits="2"/>
                <line number="252" hits="1"/>
                <line number="253" hits="1"/>
                <line number="254" hits="1"/>
                <line number="256" hits="1"/>
                <line number="257" hits="1"/>
                <line number="258" hits="2"/>
                <line number="260" hits="1"/>
                <line number="261" hits="1"/>
                <line number="262" hits="1"/>
                <line number="263" hits="1"/>
                <line number="264" hits="1"/>
                <line number="265" hits="1"/>
                <line number="266" hits="1"/>
                <line number="267" hits="1"/>
                <line number="268" hits="1"/>
                <line number="271" hits="2"/>
                <line number="273" hits="2"/>
                <line number="274" hits="2"/>
                <line number="275" hits="1"/>
                <line number="276" hits="1"/>
                <line number="277" hits="1"/>
                <line number="278" hits="1"/>
                <line number="279" hits="1"/>
                <line number="280" hits="1"/>
                <line number="281" hits="1"/>
                <line number="283" hits="0"/>
                <line number="287" hits="3"/>
                <line number="288" hits="3"/>
                <line number="289" hits="3"/>
                <line number="290" hits="3"/>
                <line number="292" hits="1"/>
                <line number="293" hits="1"/>
                <line number="294" hits="1"/>
                <line number="295" hits="1"/>
                <line number="296" hits="1"/>
                <line number="297" hits="1"/>
                <line number="298" hits="1"/>
              </lines>
            </method>
            <method name="createReportDataProvider" signature="$data, $config" line-rate="1" branch-rate="0" complexity="1">
              <lines>
                <line number="311" hits="3"/>
                <line number="312" hits="3"/>
                <line number="313" hits="3"/>
                <line number="314" hits="3"/>
                <line number="315" hits="3"/>
                <line number="317" hits="3"/>
                <line number="319" hits="3"/>
              </lines>
            </method>
            <method name="handleReportFlashMessages" signature="$result" line-rate="1" branch-rate="0" complexity="3">
              <lines>
                <line number="329" hits="3"/>
                <line number="330" hits="1"/>
              </lines>
            </method>
          </methods>
          <lines>
            <line number="12" hits="6"/>
            <line number="15" hits="6"/>
            <line number="16" hits="6"/>
            <line number="18" hits="5"/>
            <line number="19" hits="5"/>
            <line number="21" hits="5"/>
            <line number="22" hits="3"/>
            <line number="25" hits="3"/>
            <line number="26" hits="3"/>
            <line number="27" hits="3"/>
            <line number="29" hits="3"/>
            <line number="30" hits="3"/>
            <line number="31" hits="3"/>
            <line number="32" hits="3"/>
            <line number="33" hits="3"/>
            <line number="34" hits="3"/>
            <line number="35" hits="3"/>
            <line number="36" hits="3"/>
            <line number="37" hits="3"/>
            <line number="38" hits="3"/>
            <line number="39" hits="3"/>
            <line number="40" hits="3"/>
            <line number="41" hits="3"/>
            <line number="42" hits="3"/>
            <line number="44" hits="3"/>
            <line number="46" hits="2"/>
            <line number="49" hits="1"/>
            <line number="50" hits="1"/>
            <line number="51" hits="1"/>
            <line number="52" hits="1"/>
            <line number="56" hits="1"/>
            <line number="57" hits="1"/>
            <line number="58" hits="1"/>
            <line number="59" hits="1"/>
            <line number="60" hits="1"/>
            <line number="63" hits="1"/>
            <line number="64" hits="1"/>
            <line number="66" hits="1"/>
            <line number="67" hits="2"/>
            <line number="70" hits="1"/>
            <line number="71" hits="1"/>
            <line number="72" hits="1"/>
            <line number="73" hits="1"/>
            <line number="74" hits="1"/>
            <line number="75" hits="1"/>
            <line number="76" hits="1"/>
            <line number="77" hits="1"/>
            <line number="78" hits="1"/>
            <line number="82" hits="2"/>
            <line number="83" hits="2"/>
            <line number="84" hits="2"/>
            <line number="86" hits="2"/>
            <line number="87" hits="1"/>
            <line number="88" hits="1"/>
            <line number="89" hits="1"/>
            <line number="90" hits="1"/>
            <line number="91" hits="1"/>
            <line number="92" hits="1"/>
            <line number="96" hits="3"/>
            <line number="97" hits="3"/>
            <line number="98" hits="3"/>
            <line number="99" hits="3"/>
            <line number="100" hits="3"/>
            <line number="102" hits="1"/>
            <line number="103" hits="1"/>
            <line number="104" hits="1"/>
            <line number="105" hits="1"/>
            <line number="106" hits="1"/>
            <line number="107" hits="1"/>
            <line number="108" hits="1"/>
            <line number="109" hits="1"/>
            <line number="120" hits="5"/>
            <line number="123" hits="5"/>
            <line number="124" hits="5"/>
            <line number="126" hits="4"/>
            <line number="127" hits="3"/>
            <line number="130" hits="3"/>
            <line number="131" hits="3"/>
            <line number="132" hits="3"/>
            <line number="134" hits="3"/>
            <line number="135" hits="3"/>
            <line number="136" hits="3"/>
            <line number="137" hits="3"/>
            <line number="138" hits="3"/>
            <line number="139" hits="3"/>
            <line number="140" hits="3"/>
            <line number="141" hits="3"/>
            <line number="142" hits="3"/>
            <line number="143" hits="3"/>
            <line number="144" hits="3"/>
            <line number="145" hits="3"/>
            <line number="146" hits="3"/>
            <line number="147" hits="3"/>
            <line number="148" hits="3"/>
            <line number="149" hits="3"/>
            <line number="150" hits="3"/>
            <line number="151" hits="3"/>
            <line number="153" hits="3"/>
            <line number="155" hits="2"/>
            <line number="156" hits="1"/>
            <line number="157" hits="1"/>
            <line number="158" hits="1"/>
            <line number="159" hits="1"/>
            <line number="162" hits="1"/>
            <line number="163" hits="1"/>
            <line number="164" hits="1"/>
            <line number="165" hits="1"/>
            <line number="166" hits="1"/>
            <line number="167" hits="1"/>
            <line number="170" hits="1"/>
            <line number="171" hits="1"/>
            <line number="173" hits="1"/>
            <line number="174" hits="2"/>
            <line number="176" hits="1"/>
            <line number="177" hits="1"/>
            <line number="178" hits="1"/>
            <line number="179" hits="1"/>
            <line number="180" hits="1"/>
            <line number="181" hits="1"/>
            <line number="182" hits="1"/>
            <line number="183" hits="1"/>
            <line number="186" hits="1"/>
            <line number="189" hits="3"/>
            <line number="190" hits="3"/>
            <line number="191" hits="3"/>
            <line number="192" hits="3"/>
            <line number="194" hits="1"/>
            <line number="195" hits="1"/>
            <line number="196" hits="1"/>
            <line number="197" hits="1"/>
            <line number="198" hits="1"/>
            <line number="199" hits="1"/>
            <line number="200" hits="1"/>
            <line number="211" hits="6"/>
            <line number="214" hits="6"/>
            <line number="215" hits="6"/>
            <line number="217" hits="5"/>
            <line number="218" hits="3"/>
            <line number="221" hits="3"/>
            <line number="222" hits="3"/>
            <line number="223" hits="3"/>
            <line number="225" hits="3"/>
            <line number="226" hits="3"/>
            <line number="227" hits="3"/>
            <line number="228" hits="3"/>
            <line number="229" hits="3"/>
            <line number="230" hits="3"/>
            <line number="231" hits="3"/>
            <line number="232" hits="3"/>
            <line number="233" hits="3"/>
            <line number="234" hits="3"/>
            <line number="235" hits="3"/>
            <line number="237" hits="3"/>
            <line number="238" hits="3"/>
            <line number="239" hits="3"/>
            <line number="240" hits="3"/>
            <line number="241" hits="3"/>
            <line number="242" hits="3"/>
            <line number="243" hits="3"/>
            <line number="244" hits="3"/>
            <line number="246" hits="3"/>
            <line number="248" hits="3"/>
            <line number="249" hits="3"/>
            <line number="251" hits="2"/>
            <line number="252" hits="1"/>
            <line number="253" hits="1"/>
            <line number="254" hits="1"/>
            <line number="256" hits="1"/>
            <line number="257" hits="1"/>
            <line number="258" hits="2"/>
            <line number="260" hits="1"/>
            <line number="261" hits="1"/>
            <line number="262" hits="1"/>
            <line number="263" hits="1"/>
            <line number="264" hits="1"/>
            <line number="265" hits="1"/>
            <line number="266" hits="1"/>
            <line number="267" hits="1"/>
            <line number="268" hits="1"/>
            <line number="271" hits="2"/>
            <line number="273" hits="2"/>
            <line number="274" hits="2"/>
            <line number="275" hits="1"/>
            <line number="276" hits="1"/>
            <line number="277" hits="1"/>
            <line number="278" hits="1"/>
            <line number="279" hits="1"/>
            <line number="280" hits="1"/>
            <line number="281" hits="1"/>
            <line number="283" hits="0"/>
            <line number="287" hits="3"/>
            <line number="288" hits="3"/>
            <line number="289" hits="3"/>
            <line number="290" hits="3"/>
            <line number="292" hits="1"/>
            <line number="293" hits="1"/>
            <line number="294" hits="1"/>
            <line number="295" hits="1"/>
            <line number="296" hits="1"/>
            <line number="297" hits="1"/>
            <line number="298" hits="1"/>
            <line number="311" hits="3"/>
            <line number="312" hits="3"/>
            <line number="313" hits="3"/>
            <line number="314" hits="3"/>
            <line number="315" hits="3"/>
            <line number="317" hits="3"/>
            <line number="319" hits="3"/>
            <line number="329" hits="3"/>
            <line number="330" hits="1"/>
          </lines>
        </class>
      </classes>
    </package>
    <package name="components/helpers/SiteHelper.php" line-rate="1" branch-rate="0" complexity="11">
      <classes>
        <class name="SiteHelper" filename="components/helpers/SiteHelper.php" line-rate="1" branch-rate="0" complexity="11">
          <methods>
            <method name="processLogin" signature="$loginData" line-rate="1" branch-rate="0" complexity="4">
              <lines>
                <line number="19" hits="4"/>
                <line number="22" hits="4"/>
                <line number="23" hits="4"/>
                <line number="25" hits="4"/>
                <line number="26" hits="1"/>
                <line number="27" hits="1"/>
                <line number="28" hits="1"/>
                <line number="29" hits="1"/>
                <line number="30" hits="1"/>
                <line number="31" hits="1"/>
                <line number="33" hits="2"/>
                <line number="34" hits="2"/>
                <line number="35" hits="2"/>
                <line number="36" hits="2"/>
                <line number="37" hits="2"/>
                <line number="39" hits="1"/>
                <line number="40" hits="1"/>
                <line number="41" hits="1"/>
              </lines>
            </method>
            <method name="processRegistration" signature="$userData" line-rate="1" branch-rate="0" complexity="4">
              <lines>
                <line number="53" hits="4"/>
                <line number="56" hits="4"/>
                <line number="57" hits="4"/>
                <line number="59" hits="4"/>
                <line number="60" hits="2"/>
                <line number="61" hits="1"/>
                <line number="62" hits="1"/>
                <line number="63" hits="1"/>
                <line number="64" hits="1"/>
                <line number="65" hits="1"/>
                <line number="66" hits="1"/>
                <line number="67" hits="1"/>
                <line number="69" hits="1"/>
                <line number="70" hits="1"/>
                <line number="71" hits="1"/>
                <line number="72" hits="1"/>
                <line number="73" hits="1"/>
                <line number="74" hits="1"/>
                <line number="77" hits="1"/>
                <line number="78" hits="1"/>
                <line number="79" hits="1"/>
                <line number="80" hits="1"/>
                <line number="81" hits="1"/>
                <line number="82" hits="1"/>
                <line number="84" hits="1"/>
                <line number="85" hits="1"/>
                <line number="86" hits="1"/>
              </lines>
            </method>
            <method name="processLogout" signature="" line-rate="1" branch-rate="0" complexity="2">
              <lines>
                <line number="167" hits="2"/>
                <line number="169" hits="2"/>
                <line number="171" hits="1"/>
                <line number="172" hits="1"/>
                <line number="173" hits="1"/>
                <line number="174" hits="1"/>
                <line number="175" hits="1"/>
                <line number="176" hits="1"/>
                <line number="177" hits="1"/>
              </lines>
            </method>
            <method name="getDefaultRedirectUrl" signature="" line-rate="1" branch-rate="0" complexity="1">
              <lines>
                <line number="224" hits="1"/>
              </lines>
            </method>
          </methods>
          <lines>
            <line number="19" hits="4"/>
            <line number="22" hits="4"/>
            <line number="23" hits="4"/>
            <line number="25" hits="4"/>
            <line number="26" hits="1"/>
            <line number="27" hits="1"/>
            <line number="28" hits="1"/>
            <line number="29" hits="1"/>
            <line number="30" hits="1"/>
            <line number="31" hits="1"/>
            <line number="33" hits="2"/>
            <line number="34" hits="2"/>
            <line number="35" hits="2"/>
            <line number="36" hits="2"/>
            <line number="37" hits="2"/>
            <line number="39" hits="1"/>
            <line number="40" hits="1"/>
            <line number="41" hits="1"/>
            <line number="53" hits="4"/>
            <line number="56" hits="4"/>
            <line number="57" hits="4"/>
            <line number="59" hits="4"/>
            <line number="60" hits="2"/>
            <line number="61" hits="1"/>
            <line number="62" hits="1"/>
            <line number="63" hits="1"/>
            <line number="64" hits="1"/>
            <line number="65" hits="1"/>
            <line number="66" hits="1"/>
            <line number="67" hits="1"/>
            <line number="69" hits="1"/>
            <line number="70" hits="1"/>
            <line number="71" hits="1"/>
            <line number="72" hits="1"/>
            <line number="73" hits="1"/>
            <line number="74" hits="1"/>
            <line number="77" hits="1"/>
            <line number="78" hits="1"/>
            <line number="79" hits="1"/>
            <line number="80" hits="1"/>
            <line number="81" hits="1"/>
            <line number="82" hits="1"/>
            <line number="84" hits="1"/>
            <line number="85" hits="1"/>
            <line number="86" hits="1"/>
            <line number="167" hits="2"/>
            <line number="169" hits="2"/>
            <line number="171" hits="1"/>
            <line number="172" hits="1"/>
            <line number="173" hits="1"/>
            <line number="174" hits="1"/>
            <line number="175" hits="1"/>
            <line number="176" hits="1"/>
            <line number="177" hits="1"/>
            <line number="224" hits="1"/>
          </lines>
        </class>
      </classes>
    </package>
    <package name="components/helpers/StockHelper.php" line-rate="1" branch-rate="0" complexity="7">
      <classes>
        <class name="StockHelper" filename="components/helpers/StockHelper.php" line-rate="1" branch-rate="0" complexity="7">
          <methods>
            <method name="prepareStockLogSearch" signature="$searchData" line-rate="1" branch-rate="0" complexity="3">
              <lines>
                <line number="19" hits="3"/>
                <line number="22" hits="3"/>
                <line number="23" hits="2"/>
                <line number="25" hits="2"/>
                <line number="26" hits="1"/>
                <line number="27" hits="1"/>
                <line number="30" hits="2"/>
                <line number="31" hits="1"/>
                <line number="32" hits="1"/>
                <line number="33" hits="1"/>
              </lines>
            </method>
            <method name="getStockStatistics" signature="" line-rate="1" branch-rate="0" complexity="2">
              <lines>
                <line number="45" hits="2"/>
                <line number="47" hits="2"/>
                <line number="48" hits="1"/>
                <line number="50" hits="1"/>
                <line number="51" hits="1"/>
                <line number="52" hits="1"/>
                <line number="54" hits="1"/>
                <line number="55" hits="1"/>
                <line number="56" hits="1"/>
                <line number="58" hits="1"/>
                <line number="59" hits="1"/>
                <line number="60" hits="1"/>
                <line number="61" hits="1"/>
                <line number="62" hits="1"/>
                <line number="63" hits="1"/>
                <line number="64" hits="1"/>
                <line number="65" hits="1"/>
                <line number="66" hits="1"/>
                <line number="67" hits="1"/>
                <line number="68" hits="1"/>
                <line number="69" hits="1"/>
                <line number="70" hits="1"/>
                <line number="71" hits="1"/>
              </lines>
            </method>
            <method name="getRecentStockMovements" signature="$limit" line-rate="1" branch-rate="0" complexity="2">
              <lines>
                <line number="84" hits="2"/>
                <line number="86" hits="2"/>
                <line number="87" hits="2"/>
                <line number="88" hits="2"/>
                <line number="90" hits="2"/>
                <line number="91" hits="1"/>
                <line number="92" hits="1"/>
                <line number="93" hits="1"/>
              </lines>
            </method>
          </methods>
          <lines>
            <line number="19" hits="3"/>
            <line number="22" hits="3"/>
            <line number="23" hits="2"/>
            <line number="25" hits="2"/>
[...]
                <line number="215" hits="11"/>
                <line number="216" hits="11"/>
                <line number="218" hits="11"/>
                <line number="219" hits="11"/>
                <line number="222" hits="11"/>
                <line number="223" hits="1"/>
                <line number="224" hits="1"/>
                <line number="225" hits="1"/>
                <line number="226" hits="1"/>
                <line number="228" hits="10"/>
                <line number="229" hits="1"/>
                <line number="232" hits="11"/>
                <line number="233" hits="11"/>
                <line number="234" hits="11"/>
                <line number="235" hits="11"/>
                <line number="236" hits="11"/>
                <line number="237" hits="11"/>
                <line number="238" hits="11"/>
                <line number="239" hits="11"/>
              </lines>
            </method>
          </methods>
          <lines>
            <line number="25" hits="27"/>
            <line number="30" hits="8"/>
            <line number="35" hits="1"/>
            <line number="36" hits="1"/>
            <line number="37" hits="1"/>
            <line number="38" hits="1"/>
            <line number="39" hits="1"/>
            <line number="40" hits="1"/>
            <line number="41" hits="1"/>
            <line number="42" hits="1"/>
            <line number="43" hits="1"/>
            <line number="44" hits="1"/>
            <line number="45" hits="1"/>
            <line number="46" hits="1"/>
            <line number="47" hits="1"/>
            <line number="48" hits="1"/>
            <line number="49" hits="1"/>
            <line number="50" hits="1"/>
            <line number="51" hits="1"/>
            <line number="56" hits="4"/>
            <line number="57" hits="4"/>
            <line number="58" hits="4"/>
            <line number="59" hits="4"/>
            <line number="60" hits="4"/>
            <line number="61" hits="4"/>
            <line number="62" hits="4"/>
            <line number="63" hits="4"/>
            <line number="64" hits="4"/>
            <line number="65" hits="4"/>
            <line number="66" hits="4"/>
            <line number="67" hits="4"/>
            <line number="69" hits="4"/>
            <line number="70" hits="4"/>
            <line number="72" hits="4"/>
            <line number="73" hits="4"/>
            <line number="75" hits="4"/>
            <line number="76" hits="4"/>
            <line number="77" hits="4"/>
            <line number="82" hits="3"/>
            <line number="84" hits="3"/>
            <line number="85" hits="3"/>
            <line number="86" hits="1"/>
            <line number="87" hits="1"/>
            <line number="89" hits="2"/>
            <line number="90" hits="2"/>
            <line number="91" hits="2"/>
            <line number="93" hits="0"/>
            <line number="94" hits="0"/>
            <line number="102" hits="23"/>
            <line number="103" hits="23"/>
            <line number="104" hits="23"/>
            <line number="109" hits="28"/>
            <line number="110" hits="28"/>
            <line number="111" hits="28"/>
            <line number="112" hits="28"/>
            <line number="113" hits="28"/>
            <line number="114" hits="28"/>
            <line number="115" hits="28"/>
            <line number="121" hits="3"/>
            <line number="123" hits="3"/>
            <line number="124" hits="2"/>
            <line number="125" hits="2"/>
            <line number="126" hits="2"/>
            <line number="127" hits="2"/>
            <line number="129" hits="2"/>
            <line number="130" hits="1"/>
            <line number="131" hits="0"/>
            <line number="134" hits="3"/>
            <line number="135" hits="3"/>
            <line number="136" hits="0"/>
            <line number="137" hits="0"/>
            <line number="138" hits="0"/>
            <line number="139" hits="0"/>
            <line number="142" hits="0"/>
            <line number="147" hits="3"/>
            <line number="148" hits="3"/>
            <line number="149" hits="3"/>
            <line number="150" hits="3"/>
            <line number="153" hits="3"/>
            <line number="156" hits="0"/>
            <line number="163" hits="1"/>
            <line number="164" hits="1"/>
            <line number="165" hits="1"/>
            <line number="166" hits="0"/>
            <line number="167" hits="0"/>
            <line number="170" hits="1"/>
            <line number="171" hits="1"/>
            <line number="173" hits="1"/>
            <line number="175" hits="0"/>
            <line number="180" hits="3"/>
            <line number="181" hits="2"/>
            <line number="182" hits="2"/>
            <line number="183" hits="1"/>
            <line number="187" hits="2"/>
            <line number="193" hits="11"/>
            <line number="195" hits="11"/>
            <line number="197" hits="11"/>
            <line number="198" hits="3"/>
            <line number="201" hits="11"/>
            <line number="202" hits="2"/>
            <line number="205" hits="11"/>
            <line number="206" hits="1"/>
            <line number="211" hits="11"/>
            <line number="212" hits="2"/>
            <line number="215" hits="11"/>
            <line number="216" hits="11"/>
            <line number="218" hits="11"/>
            <line number="219" hits="11"/>
            <line number="222" hits="11"/>
            <line number="223" hits="1"/>
            <line number="224" hits="1"/>
            <line number="225" hits="1"/>
            <line number="226" hits="1"/>
            <line number="228" hits="10"/>
            <line number="229" hits="1"/>
            <line number="232" hits="11"/>
            <line number="233" hits="11"/>
            <line number="234" hits="11"/>
            <line number="235" hits="11"/>
            <line number="236" hits="11"/>
            <line number="237" hits="11"/>
            <line number="238" hits="11"/>
            <line number="239" hits="11"/>
          </lines>
        </class>
      </classes>
    </package>
    <package name="modules/inventory/models/StockLog.php" line-rate="0.96190476190476" branch-rate="0" complexity="32">
      <classes>
        <class name="StockLog" filename="modules/inventory/models/StockLog.php" line-rate="0.96190476190476" branch-rate="0" complexity="32">
          <methods>
            <method name="getCollectionName" signature="" line-rate="1" branch-rate="0" complexity="1">
              <lines>
                <line number="23" hits="29"/>
              </lines>
            </method>
            <method name="model" signature="$className" line-rate="1" branch-rate="0" complexity="1">
              <lines>
                <line number="28" hits="1"/>
              </lines>
            </method>
            <method name="rules" signature="" line-rate="1" branch-rate="0" complexity="1">
              <lines>
                <line number="33" hits="9"/>
                <line number="34" hits="9"/>
                <line number="35" hits="9"/>
                <line number="36" hits="9"/>
                <line number="37" hits="9"/>
                <line number="38" hits="9"/>
                <line number="39" hits="9"/>
                <line number="41" hits="9"/>
                <line number="42" hits="9"/>
                <line number="43" hits="9"/>
              </lines>
            </method>
            <method name="validateProductID" signature="$attribute, $params" line-rate="1" branch-rate="0" complexity="5">
              <lines>
                <line number="48" hits="9"/>
                <line number="49" hits="2"/>
                <line number="50" hits="2"/>
                <line number="55" hits="7"/>
                <line number="56" hits="6"/>
                <line number="57" hits="6"/>
                <line number="58" hits="6"/>
                <line number="59" hits="4"/>
                <line number="60" hits="4"/>
                <line number="62" hits="2"/>
                <line number="64" hits="1"/>
                <line number="66" hits="1"/>
                <line number="67" hits="1"/>
                <line number="68" hits="1"/>
              </lines>
            </method>
            <method name="validateUserID" signature="$attribute, $params" line-rate="1" branch-rate="0" complexity="3">
              <lines>
                <line number="76" hits="8"/>
                <line number="77" hits="3"/>
                <line number="79" hits="3"/>
                <line number="80" hits="2"/>
                <line number="82" hits="1"/>
                <line number="83" hits="1"/>
                <line number="87" hits="5"/>
              </lines>
            </method>
            <method name="attributeLabels" signature="" line-rate="1" branch-rate="0" complexity="1">
              <lines>
                <line number="92" hits="5"/>
                <line number="93" hits="5"/>
                <line number="94" hits="5"/>
                <line number="95" hits="5"/>
                <line number="96" hits="5"/>
                <line number="97" hits="5"/>
                <line number="98" hits="5"/>
                <line number="99" hits="5"/>
                <line number="100" hits="5"/>
                <line number="101" hits="5"/>
              </lines>
            </method>
            <method name="getAllowedTypes" signature="" line-rate="1" branch-rate="0" complexity="1">
              <lines>
                <line number="106" hits="10"/>
                <line number="107" hits="10"/>
                <line number="108" hits="10"/>
                <line number="109" hits="10"/>
              </lines>
            </method>
            <method name="getTypeOptions" signature="" line-rate="1" branch-rate="0" complexity="1">
              <lines>
                <line number="114" hits="2"/>
                <line number="115" hits="2"/>
                <line number="116" hits="2"/>
                <line number="117" hits="2"/>
                <line number="118" hits="2"/>
                <line number="119" hits="2"/>
                <line number="120" hits="2"/>
              </lines>
            </method>
            <method name="getTypeName" signature="$typeKey" line-rate="1" branch-rate="0" complexity="2">
              <lines>
                <line number="124" hits="1"/>
                <line number="125" hits="1"/>
              </lines>
            </method>
            <method name="add" signature="$productId, $type, $quantityChange, $newTotalProductStockLevel, $reason, $userId" line-rate="0.75" branch-rate="0" complexity="4">
              <lines>
                <line number="136" hits="2"/>
                <line number="137" hits="1"/>
                <line number="138" hits="1"/>
                <line number="139" hits="1"/>
                <line number="140" hits="1"/>
                <line number="141" hits="1"/>
                <line number="142" hits="1"/>
                <line number="144" hits="1"/>
                <line number="145" hits="1"/>
                <line number="149" hits="1"/>
                <line number="150" hits="0"/>
                <line number="151" hits="0"/>
                <line number="154" hits="1"/>
                <line number="155" hits="0"/>
                <line number="156" hits="0"/>
                <line number="158" hits="1"/>
              </lines>
            </method>
            <method name="searchProvider" signature="$caseSensitive" line-rate="1" branch-rate="0" complexity="12">
              <lines>
                <line number="172" hits="12"/>
                <line number="174" hits="12"/>
                <line number="175" hits="1"/>
                <line number="178" hits="12"/>
                <line number="179" hits="2"/>
                <line number="182" hits="12"/>
                <line number="183" hits="2"/>
                <line number="186" hits="12"/>
                <line number="187" hits="3"/>
                <line number="188" hits="3"/>
                <line number="191" hits="12"/>
                <line number="192" hits="2"/>
                <line number="194" hits="12"/>
                <line number="195" hits="2"/>
                <line number="198" hits="12"/>
                <line number="199" hits="3"/>
                <line number="200" hits="3"/>
                <line number="203" hits="12"/>
                <line number="204" hits="1"/>
                <line number="205" hits="1"/>
                <line number="207" hits="1"/>
                <line number="208" hits="1"/>
                <line number="211" hits="12"/>
                <line number="212" hits="12"/>
                <line number="213" hits="12"/>
                <line number="214" hits="12"/>
                <line number="215" hits="12"/>
                <line number="216" hits="12"/>
                <line number="217" hits="12"/>
                <line number="218" hits="12"/>
                <line number="219" hits="12"/>
                <line number="220" hits="12"/>
                <line number="221" hits="12"/>
              </lines>
            </method>
          </methods>
          <lines>
            <line number="23" hits="29"/>
            <line number="28" hits="1"/>
            <line number="33" hits="9"/>
            <line number="34" hits="9"/>
            <line number="35" hits="9"/>
            <line number="36" hits="9"/>
            <line number="37" hits="9"/>
            <line number="38" hits="9"/>
            <line number="39" hits="9"/>
            <line number="41" hits="9"/>
            <line number="42" hits="9"/>
            <line number="43" hits="9"/>
            <line number="48" hits="9"/>
            <line number="49" hits="2"/>
            <line number="50" hits="2"/>
            <line number="55" hits="7"/>
            <line number="56" hits="6"/>
            <line number="57" hits="6"/>
            <line number="58" hits="6"/>
            <line number="59" hits="4"/>
            <line number="60" hits="4"/>
            <line number="62" hits="2"/>
            <line number="64" hits="1"/>
            <line number="66" hits="1"/>
            <line number="67" hits="1"/>
            <line number="68" hits="1"/>
            <line number="76" hits="8"/>
            <line number="77" hits="3"/>
            <line number="79" hits="3"/>
            <line number="80" hits="2"/>
            <line number="82" hits="1"/>
            <line number="83" hits="1"/>
            <line number="87" hits="5"/>
            <line number="92" hits="5"/>
            <line number="93" hits="5"/>
            <line number="94" hits="5"/>
            <line number="95" hits="5"/>
            <line number="96" hits="5"/>
            <line number="97" hits="5"/>
            <line number="98" hits="5"/>
            <line number="99" hits="5"/>
            <line number="100" hits="5"/>
            <line number="101" hits="5"/>
            <line number="106" hits="10"/>
            <line number="107" hits="10"/>
            <line number="108" hits="10"/>
            <line number="109" hits="10"/>
            <line number="114" hits="2"/>
            <line number="115" hits="2"/>
            <line number="116" hits="2"/>
            <line number="117" hits="2"/>
            <line number="118" hits="2"/>
            <line number="119" hits="2"/>
            <line number="120" hits="2"/>
            <line number="124" hits="1"/>
            <line number="125" hits="1"/>
            <line number="136" hits="2"/>
            <line number="137" hits="1"/>
            <line number="138" hits="1"/>
            <line number="139" hits="1"/>
            <line number="140" hits="1"/>
            <line number="141" hits="1"/>
            <line number="142" hits="1"/>
            <line number="144" hits="1"/>
            <line number="145" hits="1"/>
            <line number="149" hits="1"/>
            <line number="150" hits="0"/>
            <line number="151" hits="0"/>
            <line number="154" hits="1"/>
            <line number="155" hits="0"/>
            <line number="156" hits="0"/>
            <line number="158" hits="1"/>
            <line number="172" hits="12"/>
            <line number="174" hits="12"/>
            <line number="175" hits="1"/>
            <line number="178" hits="12"/>
            <line number="179" hits="2"/>
            <line number="182" hits="12"/>
            <line number="183" hits="2"/>
            <line number="186" hits="12"/>
            <line number="187" hits="3"/>
            <line number="188" hits="3"/>
            <line number="191" hits="12"/>
            <line number="192" hits="2"/>
            <line number="194" hits="12"/>
            <line number="195" hits="2"/>
            <line number="198" hits="12"/>
            <line number="199" hits="3"/>
            <line number="200" hits="3"/>
            <line number="203" hits="12"/>
            <line number="204" hits="1"/>
            <line number="205" hits="1"/>
            <line number="207" hits="1"/>
            <line number="208" hits="1"/>
            <line number="211" hits="12"/>
            <line number="212" hits="12"/>
            <line number="213" hits="12"/>
            <line number="214" hits="12"/>
            <line number="215" hits="12"/>
            <line number="216" hits="12"/>
            <line number="217" hits="12"/>
            <line number="218" hits="12"/>
            <line number="219" hits="12"/>
            <line number="220" hits="12"/>
            <line number="221" hits="12"/>
          </lines>
        </class>
      </classes>
    </package>
    <package name="modules/inventory/models/Variant.php" line-rate="1" branch-rate="0" complexity="3">
      <classes>
        <class name="Variant" filename="modules/inventory/models/Variant.php" line-rate="1" branch-rate="0" complexity="3">
          <methods>
            <method name="rules" signature="" line-rate="1" branch-rate="0" complexity="1">
              <lines>
                <line number="13" hits="10"/>
                <line number="14" hits="10"/>
                <line number="15" hits="10"/>
                <line number="16" hits="10"/>
                <line number="17" hits="10"/>
                <line number="18" hits="10"/>
                <line number="19" hits="10"/>
                <line number="20" hits="10"/>
              </lines>
            </method>
            <method name="attributeLabels" signature="" line-rate="1" branch-rate="0" complexity="1">
              <lines>
                <line number="25" hits="7"/>
                <line number="26" hits="7"/>
                <line number="27" hits="7"/>
                <line number="28" hits="7"/>
                <line number="29" hits="7"/>
                <line number="30" hits="7"/>
              </lines>
            </method>
            <method name="getFinalPrice" signature="$basePrice" line-rate="1" branch-rate="0" complexity="1">
              <lines>
                <line number="35" hits="5"/>
              </lines>
            </method>
          </methods>
          <lines>
            <line number="13" hits="10"/>
            <line number="14" hits="10"/>
            <line number="15" hits="10"/>
            <line number="16" hits="10"/>
            <line number="17" hits="10"/>
            <line number="18" hits="10"/>
            <line number="19" hits="10"/>
            <line number="20" hits="10"/>
            <line number="25" hits="7"/>
            <line number="26" hits="7"/>
            <line number="27" hits="7"/>
            <line number="28" hits="7"/>
            <line number="29" hits="7"/>
            <line number="30" hits="7"/>
            <line number="35" hits="5"/>
          </lines>
        </class>
      </classes>
    </package>
  </packages>
</coverage>
